2015-11-05-14:32:45.042 : 000.002 s: Planning to play 27 sounds.
2015-11-05-14:32:45.045 : 000.001 s: Starting peep_test.
2015-11-05-14:32:45.086 : 000.001 s: Loading sound 1 of 27 sounds: wav/9998/norm/9998-neu-din-a.wav.
2015-11-05-14:32:45.159 : 000.001 s: Press any key when ready to start
2015-11-05-14:32:48.080 : 000.005 s: Started sound 1 of 27: wav/9998/norm/9998-neu-din-a.wav.
2015-11-05-14:32:48.083 : 000.008 s: Showing small circle. Change at 002.640.
2015-11-05-14:32:50.716 : 002.641 s: Showing big circle. Change at 003.640.
2015-11-05-14:32:51.717 : 003.642 s: Showing small circle. Change at 013.272.
2015-11-05-14:32:58.038 : 009.962 s: Sound over after 009.962 s; starting silence.
2015-11-05-14:32:58.039 : 009.963 s: Loading sound 2 of 27 sounds: wav/9999/norm/9999-sad-tlk-a.wav.
2015-11-05-14:33:01.350 : 013.275 s: Showing big circle. Change at 014.272.
2015-11-05-14:33:02.349 : 014.274 s: Showing small circle. Change at 028.639.
2015-11-05-14:33:04.078 : 016.003 s: Ended silence with latency 006.037 s. Started sound 2 of 27: wav/9999/norm/9999-sad-tlk-a.wav.
2015-11-05-14:33:14.035 : 025.960 s: Sound over after 009.960 s; starting silence.
2015-11-05-14:33:14.036 : 025.961 s: Loading sound 3 of 27 sounds: wav/9998/norm/9998-ang-din-a.wav.
2015-11-05-14:33:16.717 : 028.642 s: Showing big circle. Change at 029.639.
2015-11-05-14:33:17.717 : 029.642 s: Showing small circle. Change at 042.330.
2015-11-05-14:33:20.074 : 031.999 s: Ended silence with latency 006.038 s. Started sound 3 of 27: wav/9998/norm/9998-ang-din-a.wav.
2015-11-05-14:33:30.033 : 041.958 s: Sound over after 009.960 s; starting silence.
2015-11-05-14:33:30.034 : 041.959 s: Loading sound 4 of 27 sounds: wav/9998/norm/9998-hap-chk-a.wav.
2015-11-05-14:33:30.406 : 042.331 s: Showing big circle. Change at 043.330.
2015-11-05-14:33:31.406 : 043.331 s: Showing small circle. Change at 055.258.
2015-11-05-14:33:36.073 : 047.998 s: Ended silence with latency 006.039 s. Started sound 4 of 27: wav/9998/norm/9998-hap-chk-a.wav.
2015-11-05-14:33:43.335 : 055.260 s: Showing big circle. Change at 056.258.
2015-11-05-14:33:44.336 : 056.260 s: Showing small circle. Change at 060.204.
2015-11-05-14:33:46.032 : 057.957 s: Sound over after 009.960 s; starting silence.
2015-11-05-14:33:46.033 : 057.958 s: Loading sound 5 of 27 sounds: wav/9999/norm/9999-sad-din-a.wav.
2015-11-05-14:33:48.282 : 060.207 s: Showing big circle. Change at 061.204.
2015-11-05-14:33:49.281 : 061.206 s: Showing small circle. Change at 074.545.
2015-11-05-14:33:52.071 : 063.996 s: Ended silence with latency 006.038 s. Started sound 5 of 27: wav/9999/norm/9999-sad-din-a.wav.
2015-11-05-14:34:02.031 : 073.956 s: Sound over after 009.961 s; starting silence.
2015-11-05-14:34:02.032 : 073.957 s: Loading sound 6 of 27 sounds: wav/9999/norm/9999-hap-hlp-a.wav.
2015-11-05-14:34:02.625 : 074.550 s: Showing big circle. Change at 075.545.
2015-11-05-14:34:03.622 : 075.547 s: Showing small circle. Change at 090.024.
2015-11-05-14:34:08.070 : 079.995 s: Ended silence with latency 006.038 s. Started sound 6 of 27: wav/9999/norm/9999-hap-hlp-a.wav.
2015-11-05-14:34:18.030 : 089.955 s: Sound over after 009.961 s; starting silence.
2015-11-05-14:34:18.032 : 089.957 s: Loading sound 7 of 27 sounds: wav/9998/norm/9998-neu-tlk-a.wav.
2015-11-05-14:34:18.104 : 090.029 s: Showing big circle. Change at 091.024.
2015-11-05-14:34:19.101 : 091.026 s: Showing small circle. Change at 103.451.
2015-11-05-14:34:24.070 : 095.994 s: Ended silence with latency 006.037 s. Started sound 7 of 27: wav/9998/norm/9998-neu-tlk-a.wav.
2015-11-05-14:34:31.528 : 103.452 s: Showing big circle. Change at 104.451.
2015-11-05-14:34:32.527 : 104.452 s: Showing small circle. Change at 109.398.
2015-11-05-14:34:34.028 : 105.953 s: Sound over after 009.961 s; starting silence.
2015-11-05-14:34:34.030 : 105.954 s: Loading sound 8 of 27 sounds: wav/9998/norm/9998-sad-chk-a.wav.
2015-11-05-14:34:37.477 : 109.402 s: Showing big circle. Change at 110.398.
2015-11-05-14:34:38.478 : 110.403 s: Showing small circle. Change at 124.109.
2015-11-05-14:34:40.068 : 111.992 s: Ended silence with latency 006.038 s. Started sound 8 of 27: wav/9998/norm/9998-sad-chk-a.wav.
2015-11-05-14:34:50.026 : 121.951 s: Sound over after 009.960 s; starting silence.
2015-11-05-14:34:50.028 : 121.952 s: Loading sound 9 of 27 sounds: wav/9998/norm/9998-ang-tlk-a.wav.
2015-11-05-14:34:52.186 : 124.110 s: Showing big circle. Change at 125.109.
2015-11-05-14:34:53.186 : 125.110 s: Showing small circle. Change at 138.543.
2015-11-05-14:34:56.067 : 127.991 s: Ended silence with latency 006.038 s. Started sound 9 of 27: wav/9998/norm/9998-ang-tlk-a.wav.
2015-11-05-14:35:06.025 : 137.949 s: Sound over after 009.960 s; starting silence.
2015-11-05-14:35:06.026 : 137.950 s: Loading sound 10 of 27 sounds: wav/9999/norm/9999-hap-din-a.wav.
2015-11-05-14:35:06.619 : 138.544 s: Showing big circle. Change at 139.543.
2015-11-05-14:35:07.622 : 139.547 s: Showing small circle. Change at 153.002.
2015-11-05-14:35:12.067 : 143.992 s: Ended silence with latency 006.039 s. Started sound 10 of 27: wav/9999/norm/9999-hap-din-a.wav.
2015-11-05-14:35:21.079 : 153.004 s: Showing big circle. Change at 154.002.
2015-11-05-14:35:22.023 : 153.948 s: Sound over after 009.960 s; starting silence.
2015-11-05-14:35:22.025 : 153.949 s: Loading sound 11 of 27 sounds: wav/9999/norm/9999-neu-chk-a.wav.
2015-11-05-14:35:22.082 : 154.006 s: Showing small circle. Change at -46580.170.
2015-11-05-14:35:22.088 : 154.015 s: Showing big circle. Change at -46579.170.
2015-11-05-14:35:22.092 : 154.017 s: Showing small circle. Change at -46580.831.
2015-11-05-14:35:22.099 : 154.024 s: Showing big circle. Change at -46579.831.
2015-11-05-14:35:22.102 : 154.027 s: Showing small circle. Change at -46582.923.
2015-11-05-14:35:22.108 : 154.034 s: Showing big circle. Change at -46581.923.
2015-11-05-14:35:22.111 : 154.036 s: Showing small circle. Change at -46582.137.
2015-11-05-14:35:22.118 : 154.044 s: Showing big circle. Change at -46581.137.
2015-11-05-14:35:22.121 : 154.046 s: Showing small circle. Change at -46579.663.
2015-11-05-14:35:22.129 : 154.054 s: Showing big circle. Change at -46578.663.
2015-11-05-14:35:22.131 : 154.057 s: Showing small circle. Change at -46582.197.
2015-11-05-14:35:22.139 : 154.063 s: Showing big circle. Change at -46581.197.
2015-11-05-14:35:22.141 : 154.067 s: Showing small circle. Change at -46580.066.
2015-11-05-14:35:22.150 : 154.076 s: Showing big circle. Change at -46579.066.
2015-11-05-14:35:22.153 : 154.078 s: Showing small circle. Change at -46579.491.
2015-11-05-14:35:22.162 : 154.087 s: Showing big circle. Change at -46578.491.
2015-11-05-14:35:22.165 : 154.090 s: Showing small circle. Change at -46582.510.
2015-11-05-14:35:22.174 : 154.100 s: Showing big circle. Change at -46581.510.
2015-11-05-14:35:22.177 : 154.101 s: Showing small circle. Change at -46585.178.
2015-11-05-14:35:22.186 : 154.112 s: Showing big circle. Change at -46584.178.
2015-11-05-14:35:22.189 : 154.115 s: Showing small circle. Change at -46579.682.
2015-11-05-14:35:22.198 : 154.124 s: Showing big circle. Change at -46578.682.
2015-11-05-14:35:22.201 : 154.126 s: Showing small circle. Change at -46582.765.
2015-11-05-14:35:22.209 : 154.135 s: Showing big circle. Change at -46581.765.
2015-11-05-14:35:22.211 : 154.139 s: Showing small circle. Change at -46580.223.
2015-11-05-14:35:22.223 : 154.149 s: Showing big circle. Change at -46579.223.
2015-11-05-14:35:22.225 : 154.151 s: Showing small circle. Change at -46582.087.
2015-11-05-14:35:22.235 : 154.161 s: Showing big circle. Change at -46581.087.
2015-11-05-14:35:22.239 : 154.164 s: Showing small circle. Change at -46578.809.
2015-11-05-14:35:22.249 : 154.175 s: Showing big circle. Change at -46577.809.
2015-11-05-14:35:22.252 : 154.179 s: Showing small circle. Change at -46581.624.
2015-11-05-14:35:22.261 : 154.188 s: Showing big circle. Change at -46580.624.
2015-11-05-14:35:22.265 : 154.190 s: Showing small circle. Change at -46583.956.
2015-11-05-14:35:22.274 : 154.199 s: Showing big circle. Change at -46582.956.
2015-11-05-14:35:22.276 : 154.201 s: Showing small circle. Change at -46579.650.
2015-11-05-14:35:22.287 : 154.214 s: Showing big circle. Change at -46578.650.
2015-11-05-14:35:22.290 : 154.215 s: Showing small circle. Change at -46581.573.
2015-11-05-14:35:22.298 : 154.224 s: Showing big circle. Change at -46580.573.
2015-11-05-14:35:22.302 : 154.228 s: Showing small circle. Change at -46579.948.
2015-11-05-14:35:22.311 : 154.238 s: Showing big circle. Change at -46578.948.
2015-11-05-14:35:22.316 : 154.241 s: Showing small circle. Change at -46580.685.
2015-11-05-14:35:22.323 : 154.249 s: Showing big circle. Change at -46579.685.
2015-11-05-14:35:22.328 : 154.252 s: Showing small circle. Change at -46584.487.
2015-11-05-14:35:22.336 : 154.263 s: Showing big circle. Change at -46583.487.
2015-11-05-14:35:22.339 : 154.264 s: Showing small circle. Change at -46584.007.
2015-11-05-14:35:22.347 : 154.273 s: Showing big circle. Change at -46583.007.
2015-11-05-14:35:22.350 : 154.277 s: Showing small circle. Change at -46584.279.
2015-11-05-14:35:22.358 : 154.284 s: Showing big circle. Change at -46583.279.
2015-11-05-14:35:22.362 : 154.287 s: Showing small circle. Change at -46580.615.
2015-11-05-14:35:22.372 : 154.296 s: Showing big circle. Change at -46579.615.
2015-11-05-14:35:22.374 : 154.298 s: Showing small circle. Change at -46581.397.
2015-11-05-14:35:22.382 : 154.308 s: Showing big circle. Change at -46580.397.
2015-11-05-14:35:22.385 : 154.310 s: Showing small circle. Change at -46583.222.
2015-11-05-14:35:22.392 : 154.318 s: Showing big circle. Change at -46582.222.
2015-11-05-14:35:22.396 : 154.323 s: Showing small circle. Change at -46582.753.
2015-11-05-14:35:22.405 : 154.332 s: Showing big circle. Change at -46581.753.
2015-11-05-14:35:22.408 : 154.334 s: Showing small circle. Change at -46579.495.
2015-11-05-14:35:22.417 : 154.342 s: Showing big circle. Change at -46578.495.
2015-11-05-14:35:22.419 : 154.345 s: Showing small circle. Change at -46583.226.
2015-11-05-14:35:22.428 : 154.355 s: Showing big circle. Change at -46582.226.
2015-11-05-14:35:22.433 : 154.358 s: Showing small circle. Change at -46583.841.
2015-11-05-14:35:22.442 : 154.366 s: Showing big circle. Change at -46582.841.
2015-11-05-14:35:22.444 : 154.369 s: Showing small circle. Change at -46583.115.
2015-11-05-14:35:22.452 : 154.379 s: Showing big circle. Change at -46582.115.
2015-11-05-14:35:22.456 : 154.382 s: Showing small circle. Change at -46584.408.
2015-11-05-14:35:22.468 : 154.393 s: Showing big circle. Change at -46583.408.
2015-11-05-14:35:22.470 : 154.398 s: Showing small circle. Change at -46582.260.
2015-11-05-14:35:22.482 : 154.408 s: Showing big circle. Change at -46581.260.
2015-11-05-14:35:22.485 : 154.411 s: Showing small circle. Change at -46584.875.
2015-11-05-14:35:22.495 : 154.421 s: Showing big circle. Change at -46583.875.
2015-11-05-14:35:22.499 : 154.424 s: Showing small circle. Change at -46582.992.
2015-11-05-14:35:22.508 : 154.433 s: Showing big circle. Change at -46581.992.
2015-11-05-14:35:22.510 : 154.436 s: Showing small circle. Change at -46581.528.
2015-11-05-14:35:22.521 : 154.447 s: Showing big circle. Change at -46580.528.
2015-11-05-14:35:22.524 : 154.449 s: Showing small circle. Change at -46580.722.
2015-11-05-14:35:22.533 : 154.458 s: Showing big circle. Change at -46579.722.
2015-11-05-14:35:22.535 : 154.462 s: Showing small circle. Change at -46581.206.
2015-11-05-14:35:22.545 : 154.471 s: Showing big circle. Change at -46580.206.
2015-11-05-14:35:22.549 : 154.474 s: Showing small circle. Change at -46584.054.
2015-11-05-14:35:22.558 : 154.482 s: Showing big circle. Change at -46583.054.
2015-11-05-14:35:22.559 : 154.485 s: Showing small circle. Change at -46579.303.
2015-11-05-14:35:22.568 : 154.494 s: Showing big circle. Change at -46578.303.
2015-11-05-14:35:22.573 : 154.497 s: Showing small circle. Change at -46583.236.
2015-11-05-14:35:22.578 : 154.504 s: Showing big circle. Change at -46582.236.
2015-11-05-14:35:22.580 : 154.505 s: Showing small circle. Change at -46585.601.
2015-11-05-14:35:22.588 : 154.512 s: Showing big circle. Change at -46584.601.
2015-11-05-14:35:22.589 : 154.514 s: Showing small circle. Change at -46581.170.
2015-11-05-14:35:22.597 : 154.522 s: Showing big circle. Change at -46580.170.
2015-11-05-14:35:22.599 : 154.525 s: Showing small circle. Change at -46585.164.
2015-11-05-14:35:22.607 : 154.531 s: Showing big circle. Change at -46584.164.
2015-11-05-14:35:22.608 : 154.532 s: Showing small circle. Change at -46585.372.
2015-11-05-14:35:22.613 : 154.538 s: Showing big circle. Change at -46584.372.
2015-11-05-14:35:22.615 : 154.540 s: Showing small circle. Change at -46580.133.
2015-11-05-14:35:22.622 : 154.547 s: Showing big circle. Change at -46579.133.
2015-11-05-14:35:22.624 : 154.548 s: Showing small circle. Change at -46579.850.
2015-11-05-14:35:22.632 : 154.559 s: Showing big circle. Change at -46578.850.
2015-11-05-14:35:22.636 : 154.561 s: Showing small circle. Change at -46584.986.
2015-11-05-14:35:22.644 : 154.569 s: Showing big circle. Change at -46583.986.
2015-11-05-14:35:22.646 : 154.572 s: Showing small circle. Change at -46585.180.
2015-11-05-14:35:22.655 : 154.581 s: Showing big circle. Change at -46584.180.
2015-11-05-14:35:22.657 : 154.582 s: Showing small circle. Change at -46582.663.
2015-11-05-14:35:22.665 : 154.592 s: Showing big circle. Change at -46581.663.
2015-11-05-14:35:22.669 : 154.594 s: Showing small circle. Change at -46581.870.
2015-11-05-14:35:22.676 : 154.601 s: Showing big circle. Change at -46580.870.
2015-11-05-14:35:22.679 : 154.605 s: Showing small circle. Change at -46580.601.
2015-11-05-14:35:22.688 : 154.613 s: Showing big circle. Change at -46579.601.
2015-11-05-14:35:22.691 : 154.615 s: Showing small circle. Change at -46580.963.
2015-11-05-14:35:22.701 : 154.627 s: Showing big circle. Change at -46579.963.
2015-11-05-14:35:22.704 : 154.629 s: Showing small circle. Change at -46582.310.
2015-11-05-14:35:22.714 : 154.641 s: Showing big circle. Change at -46581.310.
2015-11-05-14:35:22.718 : 154.643 s: Showing small circle. Change at -46582.916.
2015-11-05-14:35:22.727 : 154.652 s: Showing big circle. Change at -46581.916.
2015-11-05-14:35:22.729 : 154.655 s: Showing small circle. Change at -46581.637.
2015-11-05-14:35:22.739 : 154.664 s: Showing big circle. Change at -46580.637.
2015-11-05-14:35:22.741 : 154.666 s: Showing small circle. Change at -46578.928.
2015-11-05-14:35:22.749 : 154.675 s: Showing big circle. Change at -46577.928.
2015-11-05-14:35:22.754 : 154.679 s: Showing small circle. Change at -46583.638.
2015-11-05-14:35:22.760 : 154.686 s: Showing big circle. Change at -46582.638.
2015-11-05-14:35:22.764 : 154.690 s: Showing small circle. Change at -46584.785.
2015-11-05-14:35:22.774 : 154.700 s: Showing big circle. Change at -46583.785.
2015-11-05-14:35:22.777 : 154.702 s: Showing small circle. Change at -46583.670.
2015-11-05-14:35:22.785 : 154.711 s: Showing big circle. Change at -46582.670.
2015-11-05-14:35:22.787 : 154.713 s: Showing small circle. Change at -46582.269.
2015-11-05-14:35:22.798 : 154.724 s: Showing big circle. Change at -46581.269.
2015-11-05-14:35:22.801 : 154.727 s: Showing small circle. Change at -46584.344.
2015-11-05-14:35:22.810 : 154.735 s: Showing big circle. Change at -46583.344.
2015-11-05-14:35:22.811 : 154.739 s: Showing small circle. Change at -46582.815.
2015-11-05-14:35:22.823 : 154.748 s: Showing big circle. Change at -46581.815.
2015-11-05-14:35:22.825 : 154.750 s: Showing small circle. Change at -46579.899.
2015-11-05-14:35:22.834 : 154.761 s: Showing big circle. Change at -46578.899.
2015-11-05-14:35:22.838 : 154.762 s: Showing small circle. Change at -46579.020.
2015-11-05-14:35:22.846 : 154.771 s: Showing big circle. Change at -46578.020.
2015-11-05-14:35:22.847 : 154.771 s: Showing small circle. Change at -46585.341.
2015-11-05-14:35:22.856 : 154.781 s: Showing big circle. Change at -46584.341.
2015-11-05-14:35:22.858 : 154.784 s: Showing small circle. Change at -46579.537.
2015-11-05-14:35:22.870 : 154.795 s: Showing big circle. Change at -46578.537.
2015-11-05-14:35:22.873 : 154.798 s: Showing small circle. Change at -46583.793.
2015-11-05-14:35:22.882 : 154.809 s: Showing big circle. Change at -46582.793.
2015-11-05-14:35:22.886 : 154.812 s: Showing small circle. Change at -46580.412.
2015-11-05-14:35:22.897 : 154.822 s: Showing big circle. Change at -46579.412.
2015-11-05-14:35:22.900 : 154.826 s: Showing small circle. Change at -46584.604.
2015-11-05-14:35:22.910 : 154.835 s: Showing big circle. Change at -46583.604.
2015-11-05-14:35:22.913 : 154.839 s: Showing small circle. Change at -46579.146.
2015-11-05-14:35:22.924 : 154.849 s: Showing big circle. Change at -46578.146.
2015-11-05-14:35:22.926 : 154.851 s: Showing small circle. Change at -46585.175.
2015-11-05-14:35:22.936 : 154.861 s: Showing big circle. Change at -46584.175.
2015-11-05-14:35:22.938 : 154.863 s: Showing small circle. Change at -46584.498.
2015-11-05-14:35:22.948 : 154.873 s: Showing big circle. Change at -46583.498.
2015-11-05-14:35:22.951 : 154.876 s: Showing small circle. Change at -46581.777.
2015-11-05-14:35:22.958 : 154.885 s: Showing big circle. Change at -46580.777.
2015-11-05-14:35:22.962 : 154.891 s: Showing small circle. Change at -46585.596.
2015-11-05-14:35:22.975 : 154.904 s: Showing big circle. Change at -46584.596.
2015-11-05-14:35:22.982 : 154.908 s: Showing small circle. Change at -46583.266.
2015-11-05-14:35:22.991 : 154.917 s: Showing big circle. Change at -46582.266.
2015-11-05-14:35:22.995 : 154.923 s: Showing small circle. Change at -46579.236.
2015-11-05-14:35:23.009 : 154.933 s: Showing big circle. Change at -46578.236.
2015-11-05-14:35:23.011 : 154.936 s: Showing small circle. Change at -46581.908.
2015-11-05-14:35:23.038 : 154.976 s: Showing big circle. Change at -46580.908.
2015-11-05-14:35:23.053 : 154.978 s: Showing small circle. Change at -46585.804.
2015-11-05-14:35:23.066 : 154.991 s: Showing big circle. Change at -46584.804.
2015-11-05-14:35:23.069 : 154.994 s: Showing small circle. Change at -46582.748.
2015-11-05-14:35:23.081 : 155.007 s: Showing big circle. Change at -46581.748.
2015-11-05-14:35:23.084 : 155.009 s: Showing small circle. Change at -46584.696.
2015-11-05-14:35:23.094 : 155.020 s: Showing big circle. Change at -46583.696.
2015-11-05-14:35:23.098 : 155.024 s: Showing small circle. Change at -46582.562.
2015-11-05-14:35:23.106 : 155.032 s: Showing big circle. Change at -46581.562.
2015-11-05-14:35:23.110 : 155.034 s: Showing small circle. Change at -46584.071.
2015-11-05-14:35:23.118 : 155.044 s: Showing big circle. Change at -46583.071.
2015-11-05-14:35:23.122 : 155.048 s: Showing small circle. Change at -46584.643.
2015-11-05-14:35:23.133 : 155.058 s: Showing big circle. Change at -46583.643.
2015-11-05-14:35:23.135 : 155.062 s: Showing small circle. Change at -46586.088.
2015-11-05-14:35:23.145 : 155.072 s: Showing big circle. Change at -46585.088.
2015-11-05-14:35:23.149 : 155.075 s: Showing small circle. Change at -46581.059.
2015-11-05-14:35:23.162 : 155.088 s: Showing big circle. Change at -46580.059.
2015-11-05-14:35:23.165 : 155.091 s: Showing small circle. Change at -46580.852.
2015-11-05-14:35:23.173 : 155.099 s: Showing big circle. Change at -46579.852.
2015-11-05-14:35:23.176 : 155.103 s: Showing small circle. Change at -46584.008.
2015-11-05-14:35:23.187 : 155.113 s: Showing big circle. Change at -46583.008.
2015-11-05-14:35:23.190 : 155.116 s: Showing small circle. Change at -46585.155.
2015-11-05-14:35:23.201 : 155.127 s: Showing big circle. Change at -46584.155.
2015-11-05-14:35:23.205 : 155.131 s: Showing small circle. Change at -46580.183.
2015-11-05-14:35:23.217 : 155.143 s: Showing big circle. Change at -46579.183.
2015-11-05-14:35:23.221 : 155.147 s: Showing small circle. Change at -46583.561.
2015-11-05-14:35:23.231 : 155.156 s: Showing big circle. Change at -46582.561.
2015-11-05-14:35:23.233 : 155.158 s: Showing small circle. Change at -46585.570.
2015-11-05-14:35:23.244 : 155.171 s: Showing big circle. Change at -46584.570.
2015-11-05-14:35:23.248 : 155.173 s: Showing small circle. Change at -46583.125.
2015-11-05-14:35:23.257 : 155.183 s: Showing big circle. Change at -46582.125.
2015-11-05-14:35:23.260 : 155.185 s: Showing small circle. Change at -46584.048.
2015-11-05-14:35:23.272 : 155.197 s: Showing big circle. Change at -46583.048.
2015-11-05-14:35:23.274 : 155.199 s: Showing small circle. Change at -46585.935.
2015-11-05-14:35:23.284 : 155.210 s: Showing big circle. Change at -46584.935.
2015-11-05-14:35:23.288 : 155.214 s: Showing small circle. Change at -46580.192.
2015-11-05-14:35:23.297 : 155.223 s: Showing big circle. Change at -46579.192.
2015-11-05-14:35:23.300 : 155.225 s: Showing small circle. Change at -46579.447.
2015-11-05-14:35:23.309 : 155.234 s: Showing big circle. Change at -46578.447.
2015-11-05-14:35:23.311 : 155.237 s: Showing small circle. Change at -46586.016.
2015-11-05-14:35:23.321 : 155.247 s: Showing big circle. Change at -46585.016.
2015-11-05-14:35:23.325 : 155.251 s: Showing small circle. Change at -46580.571.
2015-11-05-14:35:23.336 : 155.260 s: Showing big circle. Change at -46579.571.
2015-11-05-14:35:23.337 : 155.263 s: Showing small circle. Change at -46580.150.
2015-11-05-14:35:23.346 : 155.273 s: Showing big circle. Change at -46579.150.
2015-11-05-14:35:23.351 : 155.276 s: Showing small circle. Change at -46580.499.
2015-11-05-14:35:23.359 : 155.284 s: Showing big circle. Change at -46579.499.
2015-11-05-14:35:23.361 : 155.285 s: Showing small circle. Change at -46583.084.
2015-11-05-14:35:23.370 : 155.295 s: Showing big circle. Change at -46582.084.
2015-11-05-14:35:23.372 : 155.297 s: Showing small circle. Change at -46585.104.
2015-11-05-14:35:23.381 : 155.309 s: Showing big circle. Change at -46584.104.
2015-11-05-14:35:23.386 : 155.311 s: Showing small circle. Change at -46582.057.
2015-11-05-14:35:23.395 : 155.322 s: Showing big circle. Change at -46581.057.
2015-11-05-14:35:23.400 : 155.326 s: Showing small circle. Change at -46584.206.
2015-11-05-14:35:23.408 : 155.334 s: Showing big circle. Change at -46583.206.
2015-11-05-14:35:23.411 : 155.339 s: Showing small circle. Change at -46583.967.
2015-11-05-14:35:23.424 : 155.348 s: Showing big circle. Change at -46582.967.
2015-11-05-14:35:23.425 : 155.351 s: Showing small circle. Change at -46583.987.
2015-11-05-14:35:23.435 : 155.361 s: Showing big circle. Change at -46582.987.
2015-11-05-14:35:23.438 : 155.364 s: Showing small circle. Change at -46581.098.
2015-11-05-14:35:23.448 : 155.374 s: Showing big circle. Change at -46580.098.
2015-11-05-14:35:23.451 : 155.376 s: Showing small circle. Change at -46584.320.
2015-11-05-14:35:23.460 : 155.387 s: Showing big circle. Change at -46583.320.
2015-11-05-14:35:23.465 : 155.390 s: Showing small circle. Change at -46580.436.
2015-11-05-14:35:23.473 : 155.399 s: Showing big circle. Change at -46579.436.
2015-11-05-14:35:23.476 : 155.401 s: Showing small circle. Change at -46580.490.
2015-11-05-14:35:23.488 : 155.415 s: Showing big circle. Change at -46579.490.
2015-11-05-14:35:23.491 : 155.417 s: Showing small circle. Change at -46584.134.
2015-11-05-14:35:23.500 : 155.426 s: Showing big circle. Change at -46583.134.
2015-11-05-14:35:23.504 : 155.428 s: Showing small circle. Change at -46584.305.
2015-11-05-14:35:23.513 : 155.439 s: Showing big circle. Change at -46583.305.
2015-11-05-14:35:23.517 : 155.444 s: Showing small circle. Change at -46582.409.
2015-11-05-14:35:23.526 : 155.451 s: Showing big circle. Change at -46581.409.
2015-11-05-14:35:23.530 : 155.457 s: Showing small circle. Change at -46584.480.
2015-11-05-14:35:23.541 : 155.465 s: Showing big circle. Change at -46583.480.
2015-11-05-14:35:23.543 : 155.470 s: Showing small circle. Change at -46586.442.
2015-11-05-14:35:23.556 : 155.481 s: Showing big circle. Change at -46585.442.
2015-11-05-14:35:23.558 : 155.483 s: Showing small circle. Change at -46580.413.
2015-11-05-14:35:23.567 : 155.492 s: Showing big circle. Change at -46579.413.
2015-11-05-14:35:23.571 : 155.496 s: Showing small circle. Change at -46583.074.
2015-11-05-14:35:23.577 : 155.503 s: Showing big circle. Change at -46582.074.
2015-11-05-14:35:23.580 : 155.507 s: Showing small circle. Change at -46580.745.
2015-11-05-14:35:23.590 : 155.515 s: Showing big circle. Change at -46579.745.
2015-11-05-14:35:23.597 : 155.523 s: Showing small circle. Change at -46580.125.
2015-11-05-14:35:23.607 : 155.532 s: Showing big circle. Change at -46579.125.
2015-11-05-14:35:23.610 : 155.536 s: Showing small circle. Change at -46584.142.
2015-11-05-14:35:23.620 : 155.545 s: Showing big circle. Change at -46583.142.
2015-11-05-14:35:23.623 : 155.549 s: Showing small circle. Change at -46584.354.
2015-11-05-14:35:23.634 : 155.559 s: Showing big circle. Change at -46583.354.
2015-11-05-14:35:23.636 : 155.561 s: Showing small circle. Change at -46580.299.
2015-11-05-14:35:23.645 : 155.570 s: Showing big circle. Change at -46579.299.
2015-11-05-14:35:23.650 : 155.576 s: Showing small circle. Change at -46584.313.
2015-11-05-14:35:23.660 : 155.585 s: Showing big circle. Change at -46583.313.
2015-11-05-14:35:23.664 : 155.590 s: Showing small circle. Change at -46583.416.
2015-11-05-14:35:23.673 : 155.599 s: Showing big circle. Change at -46582.416.
2015-11-05-14:35:23.676 : 155.602 s: Showing small circle. Change at -46581.845.
2015-11-05-14:35:23.689 : 155.615 s: Showing big circle. Change at -46580.845.
2015-11-05-14:35:23.691 : 155.617 s: Showing small circle. Change at -46586.420.
2015-11-05-14:35:23.702 : 155.627 s: Showing big circle. Change at -46585.420.
2015-11-05-14:35:23.705 : 155.629 s: Showing small circle. Change at -46581.373.
2015-11-05-14:35:23.712 : 155.639 s: Showing big circle. Change at -46580.373.
2015-11-05-14:35:23.716 : 155.641 s: Showing small circle. Change at -46585.060.
2015-11-05-14:35:23.725 : 155.651 s: Showing big circle. Change at -46584.060.
2015-11-05-14:35:23.728 : 155.652 s: Showing small circle. Change at -46582.289.
2015-11-05-14:35:23.737 : 155.662 s: Showing big circle. Change at -46581.289.
2015-11-05-14:35:23.738 : 155.662 s: Showing small circle. Change at -46580.922.
2015-11-05-14:35:23.742 : 155.666 s: Showing big circle. Change at -46579.922.
2015-11-05-14:35:23.743 : 155.667 s: Showing small circle. Change at -46581.891.
2015-11-05-14:35:23.746 : 155.671 s: Showing big circle. Change at -46580.891.
2015-11-05-14:35:23.747 : 155.671 s: Showing small circle. Change at -46582.730.
2015-11-05-14:35:23.751 : 155.675 s: Showing big circle. Change at -46581.730.
2015-11-05-14:35:23.751 : 155.676 s: Showing small circle. Change at -46582.821.
2015-11-05-14:35:23.759 : 155.684 s: Showing big circle. Change at -46581.821.
2015-11-05-14:35:23.761 : 155.686 s: Showing small circle. Change at -46586.154.
2015-11-05-14:35:23.768 : 155.693 s: Showing big circle. Change at -46585.154.
2015-11-05-14:35:23.770 : 155.696 s: Showing small circle. Change at -46582.796.
2015-11-05-14:35:23.779 : 155.706 s: Showing big circle. Change at -46581.796.
2015-11-05-14:35:23.783 : 155.708 s: Showing small circle. Change at -46586.496.
2015-11-05-14:35:23.793 : 155.719 s: Showing big circle. Change at -46585.496.
2015-11-05-14:35:23.798 : 155.723 s: Showing small circle. Change at -46580.484.
2015-11-05-14:35:23.808 : 155.734 s: Showing big circle. Change at -46579.484.
2015-11-05-14:35:23.810 : 155.736 s: Showing small circle. Change at -46580.618.
2015-11-05-14:35:23.820 : 155.746 s: Showing big circle. Change at -46579.618.
2015-11-05-14:35:23.823 : 155.748 s: Showing small circle. Change at -46586.851.
2015-11-05-14:35:23.832 : 155.759 s: Showing big circle. Change at -46585.851.
2015-11-05-14:35:23.837 : 155.761 s: Showing small circle. Change at -46580.649.
2015-11-05-14:35:23.844 : 155.770 s: Showing big circle. Change at -46579.649.
2015-11-05-14:35:23.848 : 155.775 s: Showing small circle. Change at -46580.809.
2015-11-05-14:35:23.857 : 155.783 s: Showing big circle. Change at -46579.809.
2015-11-05-14:35:23.859 : 155.785 s: Showing small circle. Change at -46581.479.
2015-11-05-14:35:23.868 : 155.795 s: Showing big circle. Change at -46580.479.
2015-11-05-14:35:23.872 : 155.798 s: Showing small circle. Change at -46582.336.
2015-11-05-14:35:23.881 : 155.808 s: Showing big circle. Change at -46581.336.
2015-11-05-14:35:23.886 : 155.811 s: Showing small circle. Change at -46585.784.
2015-11-05-14:35:23.894 : 155.820 s: Showing big circle. Change at -46584.784.
2015-11-05-14:35:23.898 : 155.824 s: Showing small circle. Change at -46581.222.
2015-11-05-14:35:23.906 : 155.831 s: Showing big circle. Change at -46580.222.
2015-11-05-14:35:23.908 : 155.834 s: Showing small circle. Change at -46580.784.
2015-11-05-14:35:23.919 : 155.846 s: Showing big circle. Change at -46579.784.
2015-11-05-14:35:23.923 : 155.848 s: Showing small circle. Change at -46583.466.
2015-11-05-14:35:23.931 : 155.859 s: Showing big circle. Change at -46582.466.
2015-11-05-14:35:23.936 : 155.862 s: Showing small circle. Change at -46585.002.
2015-11-05-14:35:23.945 : 155.872 s: Showing big circle. Change at -46584.002.
2015-11-05-14:35:23.949 : 155.875 s: Showing small circle. Change at -46584.099.
2015-11-05-14:35:23.959 : 155.885 s: Showing big circle. Change at -46583.099.
2015-11-05-14:35:23.962 : 155.888 s: Showing small circle. Change at -46583.019.
2015-11-05-14:35:23.973 : 155.898 s: Showing big circle. Change at -46582.019.
2015-11-05-14:35:23.976 : 155.901 s: Showing small circle. Change at -46580.641.
2015-11-05-14:35:23.986 : 155.911 s: Showing big circle. Change at -46579.641.
2015-11-05-14:35:23.988 : 155.914 s: Showing small circle. Change at -46580.377.
2015-11-05-14:35:23.997 : 155.924 s: Showing big circle. Change at -46579.377.
2015-11-05-14:35:24.002 : 155.926 s: Showing small circle. Change at -46580.370.
2015-11-05-14:35:24.012 : 155.938 s: Showing big circle. Change at -46579.370.
2015-11-05-14:35:24.016 : 155.941 s: Showing small circle. Change at -46582.018.
2015-11-05-14:35:24.026 : 155.951 s: Showing big circle. Change at -46581.018.
2015-11-05-14:35:24.028 : 155.954 s: Showing small circle. Change at -46584.715.
2015-11-05-14:35:24.038 : 155.964 s: Showing big circle. Change at -46583.715.
2015-11-05-14:35:24.041 : 155.967 s: Showing small circle. Change at -46582.608.
2015-11-05-14:35:24.050 : 155.976 s: Showing big circle. Change at -46581.608.
2015-11-05-14:35:24.053 : 155.978 s: Showing small circle. Change at -46582.418.
2015-11-05-14:35:24.065 : 155.991 s: Showing big circle. Change at -46581.418.
2015-11-05-14:35:24.068 : 155.992 s: Showing small circle. Change at -46581.771.
2015-11-05-14:35:24.075 : 156.000 s: Showing big circle. Change at -46580.771.
2015-11-05-14:35:24.077 : 156.003 s: Showing small circle. Change at -46586.506.
2015-11-05-14:35:24.086 : 156.012 s: Showing big circle. Change at -46585.506.
2015-11-05-14:35:24.091 : 156.016 s: Showing small circle. Change at -46586.794.
2015-11-05-14:35:24.100 : 156.026 s: Showing big circle. Change at -46585.794.
2015-11-05-14:35:24.104 : 156.029 s: Showing small circle. Change at -46584.928.
2015-11-05-14:35:24.114 : 156.039 s: Showing big circle. Change at -46583.928.
2015-11-05-14:35:24.116 : 156.041 s: Showing small circle. Change at -46584.757.
2015-11-05-14:35:24.128 : 156.054 s: Showing big circle. Change at -46583.757.
2015-11-05-14:35:24.131 : 156.057 s: Showing small circle. Change at -46586.362.
2015-11-05-14:35:24.141 : 156.066 s: Showing big circle. Change at -46585.362.
2015-11-05-14:35:24.144 : 156.068 s: Showing small circle. Change at -46585.995.
2015-11-05-14:35:24.153 : 156.079 s: Showing big circle. Change at -46584.995.
2015-11-05-14:35:24.155 : 156.083 s: Showing small circle. Change at -46581.341.
2015-11-05-14:35:24.168 : 156.093 s: Showing big circle. Change at -46580.341.
2015-11-05-14:35:24.169 : 156.095 s: Showing small circle. Change at -46583.883.
2015-11-05-14:35:24.179 : 156.105 s: Showing big circle. Change at -46582.883.
2015-11-05-14:35:24.183 : 156.107 s: Showing small circle. Change at -46581.243.
2015-11-05-14:35:24.191 : 156.118 s: Showing big circle. Change at -46580.243.
2015-11-05-14:35:24.195 : 156.120 s: Showing small circle. Change at -46584.763.
2015-11-05-14:35:24.204 : 156.129 s: Showing big circle. Change at -46583.763.
2015-11-05-14:35:24.215 : 156.141 s: Showing small circle. Change at -46581.130.
2015-11-05-14:35:24.225 : 156.149 s: Showing big circle. Change at -46580.130.
2015-11-05-14:35:24.226 : 156.152 s: Showing small circle. Change at -46582.285.
2015-11-05-14:35:24.235 : 156.161 s: Showing big circle. Change at -46581.285.
2015-11-05-14:35:24.238 : 156.164 s: Showing small circle. Change at -46584.111.
2015-11-05-14:35:24.247 : 156.172 s: Showing big circle. Change at -46583.111.
2015-11-05-14:35:24.249 : 156.174 s: Showing small circle. Change at -46581.034.
2015-11-05-14:35:24.258 : 156.184 s: Showing big circle. Change at -46580.034.
2015-11-05-14:35:24.260 : 156.186 s: Showing small circle. Change at -46586.224.
2015-11-05-14:35:24.269 : 156.196 s: Showing big circle. Change at -46585.224.
2015-11-05-14:35:24.273 : 156.198 s: Showing small circle. Change at -46582.474.
2015-11-05-14:35:24.283 : 156.208 s: Showing big circle. Change at -46581.474.
2015-11-05-14:35:24.286 : 156.213 s: Showing small circle. Change at -46584.304.
2015-11-05-14:35:24.298 : 156.224 s: Showing big circle. Change at -46583.304.
2015-11-05-14:35:24.300 : 156.225 s: Showing small circle. Change at -46584.282.
2015-11-05-14:35:24.310 : 156.237 s: Showing big circle. Change at -46583.282.
2015-11-05-14:35:24.314 : 156.240 s: Showing small circle. Change at -46580.700.
2015-11-05-14:35:24.324 : 156.249 s: Showing big circle. Change at -46579.700.
2015-11-05-14:35:24.326 : 156.251 s: Showing small circle. Change at -46583.518.
2015-11-05-14:35:24.334 : 156.261 s: Showing big circle. Change at -46582.518.
2015-11-05-14:35:24.338 : 156.263 s: Showing small circle. Change at -46586.304.
2015-11-05-14:35:24.349 : 156.275 s: Showing big circle. Change at -46585.304.
2015-11-05-14:35:24.352 : 156.277 s: Showing small circle. Change at -46582.378.
2015-11-05-14:35:24.367 : 156.292 s: Showing big circle. Change at -46581.378.
2015-11-05-14:35:24.369 : 156.294 s: Showing small circle. Change at -46585.965.
2015-11-05-14:35:24.377 : 156.303 s: Showing big circle. Change at -46584.965.
2015-11-05-14:35:24.380 : 156.306 s: Showing small circle. Change at -46583.568.
2015-11-05-14:35:24.390 : 156.316 s: Showing big circle. Change at -46582.568.
2015-11-05-14:35:24.393 : 156.317 s: Showing small circle. Change at -46581.262.
2015-11-05-14:35:24.402 : 156.330 s: Showing big circle. Change at -46580.262.
2015-11-05-14:35:24.407 : 156.332 s: Showing small circle. Change at -46584.007.
2015-11-05-14:35:24.416 : 156.343 s: Showing big circle. Change at -46583.007.
2015-11-05-14:35:24.420 : 156.344 s: Showing small circle. Change at -46586.468.
2015-11-05-14:35:24.429 : 156.355 s: Showing big circle. Change at -46585.468.
2015-11-05-14:35:24.433 : 156.359 s: Showing small circle. Change at -46581.363.
2015-11-05-14:35:24.442 : 156.368 s: Showing big circle. Change at -46580.363.
2015-11-05-14:35:24.445 : 156.373 s: Showing small circle. Change at -46586.874.
2015-11-05-14:35:24.460 : 156.386 s: Showing big circle. Change at -46585.874.
2015-11-05-14:35:24.464 : 156.390 s: Showing small circle. Change at -46587.183.
2015-11-05-14:35:24.474 : 156.400 s: Showing big circle. Change at -46586.183.
2015-11-05-14:35:24.477 : 156.404 s: Showing small circle. Change at -46585.448.
2015-11-05-14:35:24.490 : 156.415 s: Showing big circle. Change at -46584.448.
2015-11-05-14:35:24.731 : 156.655 s: Showing small circle. Change at -46586.342.
2015-11-05-14:35:24.739 : 156.664 s: Showing big circle. Change at -46585.342.
2015-11-05-14:35:24.746 : 156.672 s: Showing small circle. Change at -46581.230.
2015-11-05-14:35:24.758 : 156.684 s: Showing big circle. Change at -46580.230.
2015-11-05-14:35:24.761 : 156.688 s: Showing small circle. Change at -46581.692.
2015-11-05-14:35:24.773 : 156.699 s: Showing big circle. Change at -46580.692.
2015-11-05-14:35:24.775 : 156.702 s: Showing small circle. Change at -46582.935.
2015-11-05-14:35:24.785 : 156.711 s: Showing big circle. Change at -46581.935.
2015-11-05-14:35:24.788 : 156.714 s: Showing small circle. Change at -46587.369.
2015-11-05-14:35:24.799 : 156.725 s: Showing big circle. Change at -46586.369.
2015-11-05-14:35:24.803 : 156.730 s: Showing small circle. Change at -46581.043.
2015-11-05-14:35:24.814 : 156.739 s: Showing big circle. Change at -46580.043.
2015-11-05-14:35:24.816 : 156.741 s: Showing small circle. Change at -46581.850.
2015-11-05-14:35:24.831 : 156.758 s: Showing big circle. Change at -46580.850.
2015-11-05-14:35:24.837 : 156.763 s: Showing small circle. Change at -46587.082.
2015-11-05-14:35:24.846 : 156.772 s: Showing big circle. Change at -46586.082.
2015-11-05-14:35:24.849 : 156.774 s: Showing small circle. Change at -46587.042.
2015-11-05-14:35:24.857 : 156.783 s: Showing big circle. Change at -46586.042.
2015-11-05-14:35:24.860 : 156.786 s: Showing small circle. Change at -46582.202.
2015-11-05-14:35:24.872 : 156.797 s: Showing big circle. Change at -46581.202.
2015-11-05-14:35:24.874 : 156.800 s: Showing small circle. Change at -46587.624.
2015-11-05-14:35:24.883 : 156.809 s: Showing big circle. Change at -46586.624.
2015-11-05-14:35:24.887 : 156.812 s: Showing small circle. Change at -46581.978.
2015-11-05-14:35:24.897 : 156.822 s: Showing big circle. Change at -46580.978.
2015-11-05-14:35:24.899 : 156.824 s: Showing small circle. Change at -46584.703.
2015-11-05-14:35:24.908 : 156.834 s: Showing big circle. Change at -46583.703.
2015-11-05-14:35:24.911 : 156.839 s: Showing small circle. Change at -46585.011.
2015-11-05-14:35:24.922 : 156.847 s: Showing big circle. Change at -46584.011.
2015-11-05-14:35:24.925 : 156.850 s: Showing small circle. Change at -46585.627.
2015-11-05-14:35:24.933 : 156.857 s: Showing big circle. Change at -46584.627.
2015-11-05-14:35:24.937 : 156.862 s: Showing small circle. Change at -46581.577.
2015-11-05-14:35:24.947 : 156.873 s: Showing big circle. Change at -46580.577.
2015-11-05-14:35:24.950 : 156.875 s: Showing small circle. Change at -46586.077.
2015-11-05-14:35:24.958 : 156.884 s: Showing big circle. Change at -46585.077.
2015-11-05-14:35:24.960 : 156.886 s: Showing small circle. Change at -46585.446.
2015-11-05-14:35:24.972 : 156.897 s: Showing big circle. Change at -46584.446.
2015-11-05-14:35:24.974 : 156.899 s: Showing small circle. Change at -46586.102.
2015-11-05-14:35:24.984 : 156.909 s: Showing big circle. Change at -46585.102.
2015-11-05-14:35:24.987 : 156.913 s: Showing small circle. Change at -46585.657.
2015-11-05-14:35:24.998 : 156.923 s: Showing big circle. Change at -46584.657.
2015-11-05-14:35:25.000 : 156.926 s: Showing small circle. Change at -46582.048.
2015-11-05-14:35:25.010 : 156.935 s: Showing big circle. Change at -46581.048.
2015-11-05-14:35:25.013 : 156.941 s: Showing small circle. Change at -46585.042.
2015-11-05-14:35:25.026 : 156.953 s: Showing big circle. Change at -46584.042.
2015-11-05-14:35:25.031 : 156.956 s: Showing small circle. Change at -46588.104.
2015-11-05-14:35:25.041 : 156.971 s: Showing big circle. Change at -46587.104.
2015-11-05-14:35:25.048 : 156.974 s: Showing small circle. Change at -46581.618.
2015-11-05-14:35:25.059 : 156.985 s: Showing big circle. Change at -46580.618.
2015-11-05-14:35:25.061 : 156.987 s: Showing small circle. Change at -46583.133.
2015-11-05-14:35:25.074 : 156.999 s: Showing big circle. Change at -46582.133.
2015-11-05-14:35:25.077 : 157.002 s: Showing small circle. Change at -46583.967.
2015-11-05-14:35:25.086 : 157.011 s: Showing big circle. Change at -46582.967.
2015-11-05-14:35:25.087 : 157.012 s: Showing small circle. Change at -46585.321.
2015-11-05-14:35:25.100 : 157.025 s: Showing big circle. Change at -46584.321.
2015-11-05-14:35:25.102 : 157.027 s: Showing small circle. Change at -46586.623.
2015-11-05-14:35:25.113 : 157.039 s: Showing big circle. Change at -46585.623.
2015-11-05-14:35:25.115 : 157.040 s: Showing small circle. Change at -46583.740.
2015-11-05-14:35:25.121 : 157.047 s: Showing big circle. Change at -46582.740.
2015-11-05-14:35:25.125 : 157.050 s: Showing small circle. Change at -46583.670.
2015-11-05-14:35:25.138 : 157.063 s: Showing big circle. Change at -46582.670.
2015-11-05-14:35:25.141 : 157.068 s: Showing small circle. Change at -46584.798.
2015-11-05-14:35:25.160 : 157.103 s: Showing big circle. Change at -46583.798.
2015-11-05-14:35:25.181 : 157.106 s: Showing small circle. Change at -46584.160.
2015-11-05-14:35:25.189 : 157.115 s: Showing big circle. Change at -46583.160.
2015-11-05-14:35:25.193 : 157.120 s: Showing small circle. Change at -46587.175.
2015-11-05-14:35:25.206 : 157.136 s: Showing big circle. Change at -46586.175.
2015-11-05-14:35:25.214 : 157.139 s: Showing small circle. Change at -46585.287.
2015-11-05-14:35:25.221 : 157.147 s: Showing big circle. Change at -46584.287.
2015-11-05-14:35:25.225 : 157.150 s: Showing small circle. Change at -46581.667.
2015-11-05-14:35:25.233 : 157.159 s: Showing big circle. Change at -46580.667.
2015-11-05-14:35:25.235 : 157.160 s: Showing small circle. Change at -46586.490.
2015-11-05-14:35:25.245 : 157.171 s: Showing big circle. Change at -46585.490.
2015-11-05-14:35:25.249 : 157.174 s: Showing small circle. Change at -46585.427.
2015-11-05-14:35:25.257 : 157.182 s: Showing big circle. Change at -46584.427.
2015-11-05-14:35:25.258 : 157.184 s: Showing small circle. Change at -46582.336.
2015-11-05-14:35:25.267 : 157.193 s: Showing big circle. Change at -46581.336.
2015-11-05-14:35:25.270 : 157.195 s: Showing small circle. Change at -46584.069.
2015-11-05-14:35:25.278 : 157.207 s: Showing big circle. Change at -46583.069.
2015-11-05-14:35:25.285 : 157.210 s: Showing small circle. Change at -46582.865.
2015-11-05-14:35:25.294 : 157.219 s: Showing big circle. Change at -46581.865.
2015-11-05-14:35:25.297 : 157.224 s: Showing small circle. Change at -46586.007.
2015-11-05-14:35:25.308 : 157.233 s: Showing big circle. Change at -46585.007.
2015-11-05-14:35:25.310 : 157.236 s: Showing small circle. Change at -46586.363.
2015-11-05-14:35:25.321 : 157.248 s: Showing big circle. Change at -46585.363.
2015-11-05-14:35:25.324 : 157.248 s: Showing small circle. Change at -46586.348.
2015-11-05-14:35:25.335 : 157.260 s: Showing big circle. Change at -46585.348.
2015-11-05-14:35:25.337 : 157.262 s: Showing small circle. Change at -46584.488.
2015-11-05-14:35:25.349 : 157.275 s: Showing big circle. Change at -46583.488.
2015-11-05-14:35:25.352 : 157.277 s: Showing small circle. Change at -46585.907.
2015-11-05-14:35:25.362 : 157.289 s: Showing big circle. Change at -46584.907.
2015-11-05-14:35:25.367 : 157.292 s: Showing small circle. Change at -46585.226.
2015-11-05-14:35:25.377 : 157.305 s: Showing big circle. Change at -46584.226.
2015-11-05-14:35:25.382 : 157.308 s: Showing small circle. Change at -46584.071.
2015-11-05-14:35:25.391 : 157.317 s: Showing big circle. Change at -46583.071.
2015-11-05-14:35:25.394 : 157.321 s: Showing small circle. Change at -46582.647.
2015-11-05-14:35:25.408 : 157.333 s: Showing big circle. Change at -46581.647.
2015-11-05-14:35:25.410 : 157.335 s: Showing small circle. Change at -46585.553.
2015-11-05-14:35:25.420 : 157.346 s: Showing big circle. Change at -46584.553.
2015-11-05-14:35:25.423 : 157.349 s: Showing small circle. Change at -46585.276.
2015-11-05-14:35:25.436 : 157.361 s: Showing big circle. Change at -46584.276.
2015-11-05-14:35:25.439 : 157.364 s: Showing small circle. Change at -46585.694.
2015-11-05-14:35:25.451 : 157.376 s: Showing big circle. Change at -46584.694.
2015-11-05-14:35:25.454 : 157.380 s: Showing small circle. Change at -46586.777.
2015-11-05-14:35:25.464 : 157.389 s: Showing big circle. Change at -46585.777.
2015-11-05-14:35:25.466 : 157.392 s: Showing small circle. Change at -46585.256.
2015-11-05-14:35:25.475 : 157.400 s: Showing big circle. Change at -46584.256.
2015-11-05-14:35:25.477 : 157.402 s: Showing small circle. Change at -46585.171.
2015-11-05-14:35:25.487 : 157.412 s: Showing big circle. Change at -46584.171.
2015-11-05-14:35:25.488 : 157.414 s: Showing small circle. Change at -46582.503.
2015-11-05-14:35:25.496 : 157.423 s: Showing big circle. Change at -46581.503.
2015-11-05-14:35:25.500 : 157.427 s: Showing small circle. Change at -46587.189.
2015-11-05-14:35:25.508 : 157.434 s: Showing big circle. Change at -46586.189.
2015-11-05-14:35:25.513 : 157.440 s: Showing small circle. Change at -46583.071.
2015-11-05-14:35:25.522 : 157.448 s: Showing big circle. Change at -46582.071.
2015-11-05-14:35:25.524 : 157.450 s: Showing small circle. Change at -46587.283.
2015-11-05-14:35:25.535 : 157.460 s: Showing big circle. Change at -46586.283.
2015-11-05-14:35:25.537 : 157.463 s: Showing small circle. Change at -46586.201.
2015-11-05-14:35:25.547 : 157.472 s: Showing big circle. Change at -46585.201.
2015-11-05-14:35:25.550 : 157.474 s: Showing small circle. Change at -46586.942.
2015-11-05-14:35:25.559 : 157.484 s: Showing big circle. Change at -46585.942.
2015-11-05-14:35:25.561 : 157.487 s: Showing small circle. Change at -46582.199.
2015-11-05-14:35:25.569 : 157.494 s: Showing big circle. Change at -46581.199.
2015-11-05-14:35:25.570 : 157.495 s: Showing small circle. Change at -46588.442.
2015-11-05-14:35:25.578 : 157.503 s: Showing big circle. Change at -46587.442.
2015-11-05-14:35:25.580 : 157.506 s: Showing small circle. Change at -46582.761.
2015-11-05-14:35:25.590 : 157.515 s: Showing big circle. Change at -46581.761.
2015-11-05-14:35:25.591 : 157.517 s: Showing small circle. Change at -46587.866.
2015-11-05-14:35:25.603 : 157.529 s: Showing big circle. Change at -46586.866.
2015-11-05-14:35:25.606 : 157.531 s: Showing small circle. Change at -46581.806.
2015-11-05-14:35:25.615 : 157.542 s: Showing big circle. Change at -46580.806.
2015-11-05-14:35:25.620 : 157.544 s: Showing small circle. Change at -46587.842.
2015-11-05-14:35:25.625 : 157.551 s: Showing big circle. Change at -46586.842.
2015-11-05-14:35:25.628 : 157.556 s: Showing small circle. Change at -46584.149.
2015-11-05-14:35:25.640 : 157.566 s: Showing big circle. Change at -46583.149.
2015-11-05-14:35:25.643 : 157.569 s: Showing small circle. Change at -46587.053.
2015-11-05-14:35:25.653 : 157.579 s: Showing big circle. Change at -46586.053.
2015-11-05-14:35:25.655 : 157.581 s: Showing small circle. Change at -46583.818.
2015-11-05-14:35:25.665 : 157.591 s: Showing big circle. Change at -46582.818.
2015-11-05-14:35:25.667 : 157.593 s: Showing small circle. Change at -46585.952.
2015-11-05-14:35:25.680 : 157.606 s: Showing big circle. Change at -46584.952.
2015-11-05-14:35:25.684 : 157.609 s: Showing small circle. Change at -46582.847.
2015-11-05-14:35:25.694 : 157.620 s: Showing big circle. Change at -46581.847.
2015-11-05-14:35:25.698 : 157.623 s: Showing small circle. Change at -46583.907.
2015-11-05-14:35:25.709 : 157.635 s: Showing big circle. Change at -46582.907.
2015-11-05-14:35:25.713 : 157.640 s: Showing small circle. Change at -46586.180.
2015-11-05-14:35:25.725 : 157.651 s: Showing big circle. Change at -46585.180.
2015-11-05-14:35:25.728 : 157.654 s: Showing small circle. Change at -46583.100.
2015-11-05-14:35:25.744 : 157.670 s: Showing big circle. Change at -46582.100.
2015-11-05-14:35:25.747 : 157.672 s: Showing small circle. Change at -46583.394.
2015-11-05-14:35:25.757 : 157.682 s: Showing big circle. Change at -46582.394.
2015-11-05-14:35:25.760 : 157.687 s: Showing small circle. Change at -46582.189.
2015-11-05-14:35:25.770 : 157.696 s: Showing big circle. Change at -46581.189.
2015-11-05-14:35:25.774 : 157.699 s: Showing small circle. Change at -46588.376.
2015-11-05-14:35:25.783 : 157.708 s: Showing big circle. Change at -46587.376.
2015-11-05-14:35:25.785 : 157.710 s: Showing small circle. Change at -46585.643.
2015-11-05-14:35:25.794 : 157.720 s: Showing big circle. Change at -46584.643.
2015-11-05-14:35:25.798 : 157.723 s: Showing small circle. Change at -46582.153.
2015-11-05-14:35:25.807 : 157.733 s: Showing big circle. Change at -46581.153.
2015-11-05-14:35:25.810 : 157.736 s: Showing small circle. Change at -46583.164.
2015-11-05-14:35:25.822 : 157.748 s: Showing big circle. Change at -46582.164.
2015-11-05-14:35:25.826 : 157.750 s: Showing small circle. Change at -46582.482.
2015-11-05-14:35:25.837 : 157.763 s: Showing big circle. Change at -46581.482.
2015-11-05-14:35:25.840 : 157.766 s: Showing small circle. Change at -46588.482.
2015-11-05-14:35:25.852 : 157.778 s: Showing big circle. Change at -46587.482.
2015-11-05-14:35:25.855 : 157.780 s: Showing small circle. Change at -46584.446.
2015-11-05-14:35:25.867 : 157.792 s: Showing big circle. Change at -46583.446.
2015-11-05-14:35:25.870 : 157.795 s: Showing small circle. Change at -46582.711.
2015-11-05-14:35:25.881 : 157.807 s: Showing big circle. Change at -46581.711.
2015-11-05-14:35:25.884 : 157.809 s: Showing small circle. Change at -46584.001.
2015-11-05-14:35:25.892 : 157.817 s: Showing big circle. Change at -46583.001.
2015-11-05-14:35:25.896 : 157.823 s: Showing small circle. Change at -46588.898.
2015-11-05-14:35:25.906 : 157.831 s: Showing big circle. Change at -46587.898.
2015-11-05-14:35:25.908 : 157.833 s: Showing small circle. Change at -46587.596.
2015-11-05-14:35:25.917 : 157.843 s: Showing big circle. Change at -46586.596.
2015-11-05-14:35:25.920 : 157.844 s: Showing small circle. Change at -46588.281.
2015-11-05-14:35:25.928 : 157.854 s: Showing big circle. Change at -46587.281.
2015-11-05-14:35:25.932 : 157.858 s: Showing small circle. Change at -46588.333.
2015-11-05-14:35:25.941 : 157.867 s: Showing big circle. Change at -46587.333.
2015-11-05-14:35:25.944 : 157.872 s: Showing small circle. Change at -46584.185.
2015-11-05-14:35:25.955 : 157.881 s: Showing big circle. Change at -46583.185.
2015-11-05-14:35:25.958 : 157.883 s: Showing small circle. Change at -46588.398.
2015-11-05-14:35:25.968 : 157.894 s: Showing big circle. Change at -46587.398.
2015-11-05-14:35:25.972 : 157.898 s: Showing small circle. Change at -46587.008.
2015-11-05-14:35:25.983 : 157.908 s: Showing big circle. Change at -46586.008.
2015-11-05-14:35:25.985 : 157.911 s: Showing small circle. Change at -46586.088.
2015-11-05-14:35:25.995 : 157.922 s: Showing big circle. Change at -46585.088.
2015-11-05-14:35:25.999 : 157.925 s: Showing small circle. Change at -46584.474.
2015-11-05-14:35:26.007 : 157.934 s: Showing big circle. Change at -46583.474.
2015-11-05-14:35:26.011 : 157.939 s: Showing small circle. Change at -46588.108.
2015-11-05-14:35:26.022 : 157.950 s: Showing big circle. Change at -46587.108.
2015-11-05-14:35:26.028 : 157.953 s: Showing small circle. Change at -46583.463.
2015-11-05-14:35:26.037 : 157.961 s: Showing big circle. Change at -46582.463.
2015-11-05-14:35:26.039 : 157.965 s: Showing small circle. Change at -46588.266.
2015-11-05-14:35:26.051 : 157.976 s: Showing big circle. Change at -46587.266.
2015-11-05-14:35:26.052 : 157.978 s: Showing small circle. Change at -46588.210.
2015-11-05-14:35:26.063 : 157.990 s: Showing big circle. Change at -46587.210.
2015-11-05-14:35:26.070 : 157.995 s: Showing small circle. Change at -46586.780.
2015-11-05-14:35:26.076 : 158.001 s: Showing big circle. Change at -46585.780.
2015-11-05-14:35:26.078 : 158.004 s: Showing small circle. Change at -46587.804.
2015-11-05-14:35:26.088 : 158.013 s: Showing big circle. Change at -46586.804.
2015-11-05-14:35:26.091 : 158.015 s: Showing small circle. Change at -46588.189.
2015-11-05-14:35:26.100 : 158.025 s: Showing big circle. Change at -46587.189.
2015-11-05-14:35:26.102 : 158.027 s: Showing small circle. Change at -46583.636.
2015-11-05-14:35:26.110 : 158.036 s: Showing big circle. Change at -46582.636.
2015-11-05-14:35:26.114 : 158.039 s: Showing small circle. Change at -46585.934.
2015-11-05-14:35:26.122 : 158.048 s: Showing big circle. Change at -46584.934.
2015-11-05-14:35:26.125 : 158.050 s: Showing small circle. Change at -46583.029.
2015-11-05-14:35:26.134 : 158.059 s: Showing big circle. Change at -46582.029.
2015-11-05-14:35:26.136 : 158.064 s: Showing small circle. Change at -46588.069.
2015-11-05-14:35:26.148 : 158.073 s: Showing big circle. Change at -46587.069.
2015-11-05-14:35:26.150 : 158.075 s: Showing small circle. Change at -46584.568.
2015-11-05-14:35:26.159 : 158.084 s: Showing big circle. Change at -46583.568.
2015-11-05-14:35:26.161 : 158.087 s: Showing small circle. Change at -46586.597.
2015-11-05-14:35:26.172 : 158.098 s: Showing big circle. Change at -46585.597.
2015-11-05-14:35:26.175 : 158.100 s: Showing small circle. Change at -46587.022.
2015-11-05-14:35:26.184 : 158.110 s: Showing big circle. Change at -46586.022.
2015-11-05-14:35:26.187 : 158.113 s: Showing small circle. Change at -46587.078.
2015-11-05-14:35:26.197 : 158.122 s: Showing big circle. Change at -46586.078.
2015-11-05-14:35:26.198 : 158.125 s: Showing small circle. Change at -46582.934.
2015-11-05-14:35:26.210 : 158.138 s: Showing big circle. Change at -46581.934.
2015-11-05-14:35:26.215 : 158.141 s: Showing small circle. Change at -46583.678.
2015-11-05-14:35:26.229 : 158.157 s: Showing big circle. Change at -46582.678.
2015-11-05-14:35:26.235 : 158.160 s: Showing small circle. Change at -46587.868.
2015-11-05-14:35:26.245 : 158.172 s: Showing big circle. Change at -46586.868.
2015-11-05-14:35:26.250 : 158.177 s: Showing small circle. Change at -46582.861.
2015-11-05-14:35:26.262 : 158.188 s: Showing big circle. Change at -46581.861.
2015-11-05-14:35:26.265 : 158.190 s: Showing small circle. Change at -46588.161.
2015-11-05-14:35:26.277 : 158.203 s: Showing big circle. Change at -46587.161.
2015-11-05-14:35:26.281 : 158.206 s: Showing small circle. Change at -46586.316.
2015-11-05-14:35:26.292 : 158.217 s: Showing big circle. Change at -46585.316.
2015-11-05-14:35:26.296 : 158.222 s: Showing small circle. Change at -46586.887.
2015-11-05-14:35:26.305 : 158.230 s: Showing big circle. Change at -46585.887.
2015-11-05-14:35:26.307 : 158.232 s: Showing small circle. Change at -46585.764.
2015-11-05-14:35:26.317 : 158.242 s: Showing big circle. Change at -46584.764.
2015-11-05-14:35:26.319 : 158.244 s: Showing small circle. Change at -46587.660.
2015-11-05-14:35:26.330 : 158.255 s: Showing big circle. Change at -46586.660.
2015-11-05-14:35:26.332 : 158.258 s: Showing small circle. Change at -46586.822.
2015-11-05-14:35:26.340 : 158.267 s: Showing big circle. Change at -46585.822.
2015-11-05-14:35:26.343 : 158.270 s: Showing small circle. Change at -46588.920.
2015-11-05-14:35:26.355 : 158.281 s: Showing big circle. Change at -46587.920.
2015-11-05-14:35:26.359 : 158.285 s: Showing small circle. Change at -46585.414.
2015-11-05-14:35:26.367 : 158.292 s: Showing big circle. Change at -46584.414.
2015-11-05-14:35:26.369 : 158.294 s: Showing small circle. Change at -46587.387.
2015-11-05-14:35:26.378 : 158.305 s: Showing big circle. Change at -46586.387.
2015-11-05-14:35:26.382 : 158.308 s: Showing small circle. Change at -46588.266.
2015-11-05-14:35:26.390 : 158.316 s: Showing big circle. Change at -46587.266.
2015-11-05-14:35:26.394 : 158.320 s: Showing small circle. Change at -46585.392.
2015-11-05-14:35:26.405 : 158.331 s: Showing big circle. Change at -46584.392.
2015-11-05-14:35:26.407 : 158.332 s: Showing small circle. Change at -46588.787.
2015-11-05-14:35:26.416 : 158.342 s: Showing big circle. Change at -46587.787.
2015-11-05-14:35:26.419 : 158.345 s: Showing small circle. Change at -46589.039.
2015-11-05-14:35:26.431 : 158.355 s: Showing big circle. Change at -46588.039.
2015-11-05-14:35:26.432 : 158.356 s: Showing small circle. Change at -46586.682.
2015-11-05-14:35:26.439 : 158.366 s: Showing big circle. Change at -46585.682.
2015-11-05-14:35:26.443 : 158.369 s: Showing small circle. Change at -46584.283.
2015-11-05-14:35:26.451 : 158.376 s: Showing big circle. Change at -46583.283.
2015-11-05-14:35:26.454 : 158.379 s: Showing small circle. Change at -46584.995.
2015-11-05-14:35:26.465 : 158.390 s: Showing big circle. Change at -46583.995.
2015-11-05-14:35:26.467 : 158.392 s: Showing small circle. Change at -46583.469.
2015-11-05-14:35:26.476 : 158.402 s: Showing big circle. Change at -46582.469.
2015-11-05-14:35:26.480 : 158.406 s: Showing small circle. Change at -46584.946.
2015-11-05-14:35:26.488 : 158.414 s: Showing big circle. Change at -46583.946.
2015-11-05-14:35:26.491 : 158.418 s: Showing small circle. Change at -46589.140.
2015-11-05-14:35:26.500 : 158.426 s: Showing big circle. Change at -46588.140.
2015-11-05-14:35:26.502 : 158.428 s: Showing small circle. Change at -46585.028.
2015-11-05-14:35:26.512 : 158.438 s: Showing big circle. Change at -46584.028.
2015-11-05-14:35:26.516 : 158.441 s: Showing small circle. Change at -46588.037.
2015-11-05-14:35:26.521 : 158.446 s: Showing big circle. Change at -46587.037.
2015-11-05-14:35:26.523 : 158.449 s: Showing small circle. Change at -46582.707.
2015-11-05-14:35:26.534 : 158.459 s: Showing big circle. Change at -46581.707.
2015-11-05-14:35:26.536 : 158.460 s: Showing small circle. Change at -46587.377.
2015-11-05-14:35:26.543 : 158.468 s: Showing big circle. Change at -46586.377.
2015-11-05-14:35:26.545 : 158.471 s: Showing small circle. Change at -46587.716.
2015-11-05-14:35:26.554 : 158.479 s: Showing big circle. Change at -46586.716.
2015-11-05-14:35:26.556 : 158.481 s: Showing small circle. Change at -46586.446.
2015-11-05-14:35:26.564 : 158.489 s: Showing big circle. Change at -46585.446.
2015-11-05-14:35:26.566 : 158.491 s: Showing small circle. Change at -46589.299.
2015-11-05-14:35:26.574 : 158.499 s: Showing big circle. Change at -46588.299.
2015-11-05-14:35:26.576 : 158.501 s: Showing small circle. Change at -46585.072.
2015-11-05-14:35:26.585 : 158.510 s: Showing big circle. Change at -46584.072.
2015-11-05-14:35:26.587 : 158.512 s: Showing small circle. Change at -46585.122.
2015-11-05-14:35:26.596 : 158.522 s: Showing big circle. Change at -46584.122.
2015-11-05-14:35:26.600 : 158.525 s: Showing small circle. Change at -46586.569.
2015-11-05-14:35:26.606 : 158.533 s: Showing big circle. Change at -46585.569.
2015-11-05-14:35:26.610 : 158.536 s: Showing small circle. Change at -46585.430.
2015-11-05-14:35:26.620 : 158.546 s: Showing big circle. Change at -46584.430.
2015-11-05-14:35:26.622 : 158.548 s: Showing small circle. Change at -46588.504.
2015-11-05-14:35:26.634 : 158.560 s: Showing big circle. Change at -46587.504.
2015-11-05-14:35:26.636 : 158.562 s: Showing small circle. Change at -46583.090.
2015-11-05-14:35:26.646 : 158.573 s: Showing big circle. Change at -46582.090.
2015-11-05-14:35:26.650 : 158.575 s: Showing small circle. Change at -46584.506.
2015-11-05-14:35:26.660 : 158.585 s: Showing big circle. Change at -46583.506.
2015-11-05-14:35:26.662 : 158.588 s: Showing small circle. Change at -46586.602.
2015-11-05-14:35:26.673 : 158.598 s: Showing big circle. Change at -46585.602.
2015-11-05-14:35:26.676 : 158.602 s: Showing small circle. Change at -46588.689.
2015-11-05-14:35:26.686 : 158.611 s: Showing big circle. Change at -46587.689.
2015-11-05-14:35:26.688 : 158.614 s: Showing small circle. Change at -46585.400.
2015-11-05-14:35:26.700 : 158.625 s: Showing big circle. Change at -46584.400.
2015-11-05-14:35:26.702 : 158.627 s: Showing small circle. Change at -46589.741.
2015-11-05-14:35:26.711 : 158.638 s: Showing big circle. Change at -46588.741.
2015-11-05-14:35:26.716 : 158.641 s: Showing small circle. Change at -46589.323.
2015-11-05-14:35:26.725 : 158.651 s: Showing big circle. Change at -46588.323.
2015-11-05-14:35:26.727 : 158.653 s: Showing small circle. Change at -46583.223.
2015-11-05-14:35:26.739 : 158.665 s: Showing big circle. Change at -46582.223.
2015-11-05-14:35:26.741 : 158.668 s: Showing small circle. Change at -46583.394.
2015-11-05-14:35:26.754 : 158.679 s: Showing big circle. Change at -46582.394.
2015-11-05-14:35:26.757 : 158.682 s: Showing small circle. Change at -46586.374.
2015-11-05-14:35:26.766 : 158.693 s: Showing big circle. Change at -46585.374.
2015-11-05-14:35:26.770 : 158.695 s: Showing small circle. Change at -46589.768.
2015-11-05-14:35:26.778 : 158.705 s: Showing big circle. Change at -46588.768.
2015-11-05-14:35:26.783 : 158.708 s: Showing small circle. Change at -46583.483.
2015-11-05-14:35:26.794 : 158.722 s: Showing big circle. Change at -46582.483.
2015-11-05-14:35:26.799 : 158.724 s: Showing small circle. Change at -46586.705.
2015-11-05-14:35:26.807 : 158.732 s: Showing big circle. Change at -46585.705.
2015-11-05-14:35:26.810 : 158.735 s: Showing small circle. Change at -46584.927.
2015-11-05-14:35:26.821 : 158.747 s: Showing big circle. Change at -46583.927.
2015-11-05-14:35:26.824 : 158.749 s: Showing small circle. Change at -46589.552.
2015-11-05-14:35:26.835 : 158.760 s: Showing big circle. Change at -46588.552.
2015-11-05-14:35:26.837 : 158.762 s: Showing small circle. Change at -46585.406.
2015-11-05-14:35:26.847 : 158.772 s: Showing big circle. Change at -46584.406.
2015-11-05-14:35:26.851 : 158.775 s: Showing small circle. Change at -46584.231.
2015-11-05-14:35:26.858 : 158.783 s: Showing big circle. Change at -46583.231.
2015-11-05-14:35:26.861 : 158.787 s: Showing small circle. Change at -46585.519.
2015-11-05-14:35:26.871 : 158.795 s: Showing big circle. Change at -46584.519.
2015-11-05-14:35:26.873 : 158.798 s: Showing small circle. Change at -46587.731.
2015-11-05-14:35:26.885 : 158.810 s: Showing big circle. Change at -46586.731.
2015-11-05-14:35:26.887 : 158.811 s: Showing small circle. Change at -46584.637.
2015-11-05-14:35:26.894 : 158.820 s: Showing big circle. Change at -46583.637.
2015-11-05-14:35:26.897 : 158.824 s: Showing small circle. Change at -46588.198.
2015-11-05-14:35:26.907 : 158.832 s: Showing big circle. Change at -46587.198.
2015-11-05-14:35:26.909 : 158.834 s: Showing small circle. Change at -46584.333.
2015-11-05-14:35:26.919 : 158.844 s: Showing big circle. Change at -46583.333.
2015-11-05-14:35:26.922 : 158.846 s: Showing small circle. Change at -46585.810.
2015-11-05-14:35:26.930 : 158.857 s: Showing big circle. Change at -46584.810.
2015-11-05-14:35:26.933 : 158.859 s: Showing small circle. Change at -46589.410.
2015-11-05-14:35:26.941 : 158.867 s: Showing big circle. Change at -46588.410.
2015-11-05-14:35:26.944 : 158.871 s: Showing small circle. Change at -46587.031.
2015-11-05-14:35:26.953 : 158.880 s: Showing big circle. Change at -46586.031.
2015-11-05-14:35:26.957 : 158.882 s: Showing small circle. Change at -46585.707.
2015-11-05-14:35:26.968 : 158.893 s: Showing big circle. Change at -46584.707.
2015-11-05-14:35:26.970 : 158.895 s: Showing small circle. Change at -46584.487.
2015-11-05-14:35:26.980 : 158.906 s: Showing big circle. Change at -46583.487.
2015-11-05-14:35:26.983 : 158.908 s: Showing small circle. Change at -46587.339.
2015-11-05-14:35:26.990 : 158.916 s: Showing big circle. Change at -46586.339.
2015-11-05-14:35:26.994 : 158.920 s: Showing small circle. Change at -46585.490.
2015-11-05-14:35:27.003 : 158.928 s: Showing big circle. Change at -46584.490.
2015-11-05-14:35:27.005 : 158.932 s: Showing small circle. Change at -46587.831.
2015-11-05-14:35:27.018 : 158.944 s: Showing big circle. Change at -46586.831.
2015-11-05-14:35:27.020 : 158.946 s: Showing small circle. Change at -46585.598.
2015-11-05-14:35:27.030 : 158.956 s: Showing big circle. Change at -46584.598.
2015-11-05-14:35:27.033 : 158.958 s: Showing small circle. Change at -46588.133.
2015-11-05-14:35:27.040 : 158.965 s: Showing big circle. Change at -46587.133.
2015-11-05-14:35:27.042 : 158.967 s: Showing small circle. Change at -46588.268.
2015-11-05-14:35:27.052 : 158.977 s: Showing big circle. Change at -46587.268.
2015-11-05-14:35:27.054 : 158.979 s: Showing small circle. Change at -46585.767.
2015-11-05-14:35:27.064 : 158.989 s: Showing big circle. Change at -46584.767.
2015-11-05-14:35:27.067 : 158.992 s: Showing small circle. Change at -46586.388.
2015-11-05-14:35:27.076 : 159.003 s: Showing big circle. Change at -46585.388.
2015-11-05-14:35:27.081 : 159.006 s: Showing small circle. Change at -46589.062.
2015-11-05-14:35:27.089 : 159.014 s: Showing big circle. Change at -46588.062.
2015-11-05-14:35:27.091 : 159.016 s: Showing small circle. Change at -46584.240.
2015-11-05-14:35:27.100 : 159.027 s: Showing big circle. Change at -46583.240.
2015-11-05-14:35:27.104 : 159.029 s: Showing small circle. Change at -46590.153.
2015-11-05-14:35:27.112 : 159.039 s: Showing big circle. Change at -46589.153.
2015-11-05-14:35:27.115 : 159.041 s: Showing small circle. Change at -46589.482.
2015-11-05-14:35:27.124 : 159.049 s: Showing big circle. Change at -46588.482.
2015-11-05-14:35:27.127 : 159.053 s: Showing small circle. Change at -46586.417.
2015-11-05-14:35:27.138 : 159.063 s: Showing big circle. Change at -46585.417.
2015-11-05-14:35:27.140 : 159.065 s: Showing small circle. Change at -46588.528.
2015-11-05-14:35:27.147 : 159.074 s: Showing big circle. Change at -46587.528.
2015-11-05-14:35:27.152 : 159.077 s: Showing small circle. Change at -46589.037.
2015-11-05-14:35:27.161 : 159.087 s: Showing big circle. Change at -46588.037.
2015-11-05-14:35:27.164 : 159.090 s: Showing small circle. Change at -46586.442.
2015-11-05-14:35:27.171 : 159.096 s: Showing big circle. Change at -46585.442.
2015-11-05-14:35:27.173 : 159.099 s: Showing small circle. Change at -46587.535.
2015-11-05-14:35:27.183 : 159.108 s: Showing big circle. Change at -46586.535.
2015-11-05-14:35:27.185 : 159.109 s: Showing small circle. Change at -46583.532.
2015-11-05-14:35:27.192 : 159.118 s: Showing big circle. Change at -46582.532.
2015-11-05-14:35:27.195 : 159.121 s: Showing small circle. Change at -46586.872.
2015-11-05-14:35:27.205 : 159.130 s: Showing big circle. Change at -46585.872.
2015-11-05-14:35:27.207 : 159.131 s: Showing small circle. Change at -46586.806.
2015-11-05-14:35:27.214 : 159.139 s: Showing big circle. Change at -46585.806.
2015-11-05-14:35:27.216 : 159.143 s: Showing small circle. Change at -46590.169.
2015-11-05-14:35:27.225 : 159.150 s: Showing big circle. Change at -46589.169.
2015-11-05-14:35:27.227 : 159.152 s: Showing small circle. Change at -46585.098.
2015-11-05-14:35:27.237 : 159.163 s: Showing big circle. Change at -46584.098.
2015-11-05-14:35:27.240 : 159.166 s: Showing small circle. Change at -46585.921.
2015-11-05-14:35:27.250 : 159.177 s: Showing big circle. Change at -46584.921.
2015-11-05-14:35:27.255 : 159.180 s: Showing small circle. Change at -46589.099.
2015-11-05-14:35:27.264 : 159.190 s: Showing big circle. Change at -46588.099.
2015-11-05-14:35:27.267 : 159.192 s: Showing small circle. Change at -46589.095.
2015-11-05-14:35:27.281 : 159.208 s: Showing big circle. Change at -46588.095.
2015-11-05-14:35:27.285 : 159.210 s: Showing small circle. Change at -46588.355.
2015-11-05-14:35:27.293 : 159.219 s: Showing big circle. Change at -46587.355.
2015-11-05-14:35:27.296 : 159.222 s: Showing small circle. Change at -46590.307.
2015-11-05-14:35:27.306 : 159.231 s: Showing big circle. Change at -46589.307.
2015-11-05-14:35:27.310 : 159.236 s: Showing small circle. Change at -46587.516.
2015-11-05-14:35:27.321 : 159.246 s: Showing big circle. Change at -46586.516.
2015-11-05-14:35:27.323 : 159.248 s: Showing small circle. Change at -46588.499.
2015-11-05-14:35:27.333 : 159.259 s: Showing big circle. Change at -46587.499.
2015-11-05-14:35:27.335 : 159.260 s: Showing small circle. Change at -46587.978.
2015-11-05-14:35:27.349 : 159.276 s: Showing big circle. Change at -46586.978.
2015-11-05-14:35:27.354 : 159.279 s: Showing small circle. Change at -46590.035.
2015-11-05-14:35:27.365 : 159.291 s: Showing big circle. Change at -46589.035.
2015-11-05-14:35:27.369 : 159.294 s: Showing small circle. Change at -46587.266.
2015-11-05-14:35:27.380 : 159.306 s: Showing big circle. Change at -46586.266.
2015-11-05-14:35:27.383 : 159.308 s: Showing small circle. Change at -46590.401.
2015-11-05-14:35:27.392 : 159.318 s: Showing big circle. Change at -46589.401.
2015-11-05-14:35:27.396 : 159.323 s: Showing small circle. Change at -46589.491.
2015-11-05-14:35:27.406 : 159.330 s: Showing big circle. Change at -46588.491.
2015-11-05-14:35:27.407 : 159.333 s: Showing small circle. Change at -46585.155.
2015-11-05-14:35:27.419 : 159.343 s: Showing big circle. Change at -46584.155.
2015-11-05-14:35:27.420 : 159.345 s: Showing small circle. Change at -46588.765.
2015-11-05-14:35:27.429 : 159.357 s: Showing big circle. Change at -46587.765.
2015-11-05-14:35:27.434 : 159.359 s: Showing small circle. Change at -46588.808.
2015-11-05-14:35:27.444 : 159.369 s: Showing big circle. Change at -46587.808.
2015-11-05-14:35:27.447 : 159.373 s: Showing small circle. Change at -46586.582.
2015-11-05-14:35:27.460 : 159.386 s: Showing big circle. Change at -46585.582.
2015-11-05-14:35:27.464 : 159.390 s: Showing small circle. Change at -46583.620.
2015-11-05-14:35:27.475 : 159.402 s: Showing big circle. Change at -46582.620.
2015-11-05-14:35:27.480 : 159.406 s: Showing small circle. Change at -46589.356.
2015-11-05-14:35:27.489 : 159.415 s: Showing big circle. Change at -46588.356.
2015-11-05-14:35:27.492 : 159.419 s: Showing small circle. Change at -46588.832.
2015-11-05-14:35:27.502 : 159.429 s: Showing big circle. Change at -46587.832.
2015-11-05-14:35:27.506 : 159.436 s: Showing small circle. Change at -46584.056.
2015-11-05-14:35:27.520 : 159.445 s: Showing big circle. Change at -46583.056.
2015-11-05-14:35:27.522 : 159.447 s: Showing small circle. Change at -46585.870.
2015-11-05-14:35:27.534 : 159.459 s: Showing big circle. Change at -46584.870.
2015-11-05-14:35:27.537 : 159.461 s: Showing small circle. Change at -46588.306.
2015-11-05-14:35:27.547 : 159.474 s: Showing big circle. Change at -46587.306.
2015-11-05-14:35:27.553 : 159.479 s: Showing small circle. Change at -46588.066.
2015-11-05-14:35:27.562 : 159.487 s: Showing big circle. Change at -46587.066.
2015-11-05-14:35:27.564 : 159.490 s: Showing small circle. Change at -46587.025.
2015-11-05-14:35:27.572 : 159.499 s: Showing big circle. Change at -46586.025.
2015-11-05-14:35:27.577 : 159.504 s: Showing small circle. Change at -46583.934.
2015-11-05-14:35:27.589 : 159.516 s: Showing big circle. Change at -46582.934.
2015-11-05-14:35:27.593 : 159.519 s: Showing small circle. Change at -46590.720.
2015-11-05-14:35:27.600 : 159.526 s: Showing big circle. Change at -46589.720.
2015-11-05-14:35:27.603 : 159.529 s: Showing small circle. Change at -46585.043.
2015-11-05-14:35:27.615 : 159.541 s: Showing big circle. Change at -46584.043.
2015-11-05-14:35:27.618 : 159.544 s: Showing small circle. Change at -46590.313.
2015-11-05-14:35:27.628 : 159.555 s: Showing big circle. Change at -46589.313.
2015-11-05-14:35:27.633 : 159.558 s: Showing small circle. Change at -46589.219.
2015-11-05-14:35:27.641 : 159.567 s: Showing big circle. Change at -46588.219.
2015-11-05-14:35:27.644 : 159.570 s: Showing small circle. Change at -46589.953.
2015-11-05-14:35:27.653 : 159.578 s: Showing big circle. Change at -46588.953.
2015-11-05-14:35:27.657 : 159.582 s: Showing small circle. Change at -46584.019.
2015-11-05-14:35:27.667 : 159.593 s: Showing big circle. Change at -46583.019.
2015-11-05-14:35:27.669 : 159.594 s: Showing small circle. Change at -46584.968.
2015-11-05-14:35:27.680 : 159.605 s: Showing big circle. Change at -46583.968.
2015-11-05-14:35:27.684 : 159.609 s: Showing small circle. Change at -46584.243.
2015-11-05-14:35:27.692 : 159.617 s: Showing big circle. Change at -46583.243.
2015-11-05-14:35:27.694 : 159.621 s: Showing small circle. Change at -46590.147.
2015-11-05-14:35:27.703 : 159.629 s: Showing big circle. Change at -46589.147.
2015-11-05-14:35:27.707 : 159.633 s: Showing small circle. Change at -46590.754.
2015-11-05-14:35:27.717 : 159.643 s: Showing big circle. Change at -46589.754.
2015-11-05-14:35:27.719 : 159.646 s: Showing small circle. Change at -46583.918.
2015-11-05-14:35:27.731 : 159.657 s: Showing big circle. Change at -46582.918.
2015-11-05-14:35:27.734 : 159.659 s: Showing small circle. Change at -46590.341.
2015-11-05-14:35:27.743 : 159.670 s: Showing big circle. Change at -46589.341.
2015-11-05-14:35:27.747 : 159.673 s: Showing small circle. Change at -46588.266.
2015-11-05-14:35:27.756 : 159.681 s: Showing big circle. Change at -46587.266.
2015-11-05-14:35:27.761 : 159.687 s: Showing small circle. Change at -46585.886.
2015-11-05-14:35:27.772 : 159.696 s: Showing big circle. Change at -46584.886.
2015-11-05-14:35:27.773 : 159.699 s: Showing small circle. Change at -46588.070.
2015-11-05-14:35:27.785 : 159.712 s: Showing big circle. Change at -46587.070.
2015-11-05-14:35:27.789 : 159.713 s: Showing small circle. Change at -46590.696.
2015-11-05-14:35:27.801 : 159.727 s: Showing big circle. Change at -46589.696.
2015-11-05-14:35:27.804 : 159.729 s: Showing small circle. Change at -46588.494.
2015-11-05-14:35:27.815 : 159.743 s: Showing big circle. Change at -46587.494.
2015-11-05-14:35:27.820 : 159.746 s: Showing small circle. Change at -46584.812.
2015-11-05-14:35:27.829 : 159.757 s: Showing big circle. Change at -46583.812.
2015-11-05-14:35:27.835 : 159.761 s: Showing small circle. Change at -46586.499.
2015-11-05-14:35:27.848 : 159.772 s: Showing big circle. Change at -46585.499.
2015-11-05-14:35:27.850 : 159.776 s: Showing small circle. Change at -46590.352.
2015-11-05-14:35:27.863 : 159.789 s: Showing big circle. Change at -46589.352.
2015-11-05-14:35:27.865 : 159.791 s: Showing small circle. Change at -46584.913.
2015-11-05-14:35:27.876 : 159.802 s: Showing big circle. Change at -46583.913.
2015-11-05-14:35:27.880 : 159.806 s: Showing small circle. Change at -46588.738.
2015-11-05-14:35:27.890 : 159.816 s: Showing big circle. Change at -46587.738.
2015-11-05-14:35:27.893 : 159.818 s: Showing small circle. Change at -46587.248.
2015-11-05-14:35:27.904 : 159.830 s: Showing big circle. Change at -46586.248.
2015-11-05-14:35:27.907 : 159.832 s: Showing small circle. Change at -46584.338.
2015-11-05-14:35:27.917 : 159.843 s: Showing big circle. Change at -46583.338.
2015-11-05-14:35:27.920 : 159.845 s: Showing small circle. Change at -46589.697.
2015-11-05-14:35:27.929 : 159.855 s: Showing big circle. Change at -46588.697.
2015-11-05-14:35:27.933 : 159.859 s: Showing small circle. Change at -46584.731.
2015-11-05-14:35:27.941 : 159.866 s: Showing big circle. Change at -46583.731.
2015-11-05-14:35:27.943 : 159.870 s: Showing small circle. Change at -46589.584.
2015-11-05-14:35:27.954 : 159.880 s: Showing big circle. Change at -46588.584.
2015-11-05-14:35:27.957 : 159.882 s: Showing small circle. Change at -46586.177.
2015-11-05-14:35:27.968 : 159.893 s: Showing big circle. Change at -46585.177.
2015-11-05-14:35:27.970 : 159.895 s: Showing small circle. Change at -46584.961.
2015-11-05-14:35:27.979 : 159.905 s: Showing big circle. Change at -46583.961.
2015-11-05-14:35:27.982 : 159.908 s: Showing small circle. Change at -46589.329.
2015-11-05-14:35:27.992 : 159.919 s: Showing big circle. Change at -46588.329.
2015-11-05-14:35:27.998 : 159.923 s: Showing small circle. Change at -46585.404.
2015-11-05-14:35:28.009 : 159.936 s: Showing big circle. Change at -46584.404.
2015-11-05-14:35:28.014 : 159.940 s: Showing small circle. Change at -46587.352.
2015-11-05-14:35:28.024 : 159.950 s: Showing big circle. Change at -46586.352.
2015-11-05-14:35:28.026 : 159.952 s: Showing small circle. Change at -46589.300.
2015-11-05-14:35:28.065 : 159.989 s: Ended silence with latency 006.039 s. Started sound 11 of 27: wav/9999/norm/9999-neu-chk-a.wav.
2015-11-05-14:35:28.075 : 160.001 s: Showing big circle. Change at -46588.300.
2015-11-05-14:35:28.080 : 160.006 s: Showing small circle. Change at 171.829.
2015-11-05-14:35:38.022 : 169.947 s: Sound over after 009.960 s; starting silence.
2015-11-05-14:35:38.024 : 169.949 s: Loading sound 12 of 27 sounds: wav/9998/norm/9998-hap-din-a.wav.
2015-11-05-14:35:39.906 : 171.831 s: Showing big circle. Change at 172.829.
2015-11-05-14:35:40.906 : 172.830 s: Showing small circle. Change at 184.710.
2015-11-05-14:35:44.062 : 175.987 s: Ended silence with latency 006.038 s. Started sound 12 of 27: wav/9998/norm/9998-hap-din-a.wav.
2015-11-05-14:35:52.787 : 184.711 s: Showing big circle. Change at 185.710.
2015-11-05-14:35:53.789 : 185.713 s: Showing small circle. Change at 189.949.
2015-11-05-14:35:54.021 : 185.945 s: Sound over after 009.960 s; starting silence.
2015-11-05-14:35:54.022 : 185.946 s: Loading sound 13 of 27 sounds: wav/9999/norm/9999-ang-hlp-a.wav.
2015-11-05-14:35:58.027 : 189.951 s: Showing big circle. Change at 190.949.
2015-11-05-14:35:59.029 : 190.953 s: Showing small circle. Change at 203.929.
2015-11-05-14:36:00.061 : 191.985 s: Ended silence with latency 006.039 s. Started sound 13 of 27: wav/9999/norm/9999-ang-hlp-a.wav.
2015-11-05-14:36:10.019 : 201.943 s: Sound over after 009.960 s; starting silence.
2015-11-05-14:36:10.020 : 201.944 s: Loading sound 14 of 27 sounds: wav/9999/norm/9999-sad-chk-a.wav.
2015-11-05-14:36:12.006 : 203.931 s: Showing big circle. Change at 204.929.
2015-11-05-14:36:13.007 : 204.931 s: Showing small circle. Change at 218.154.
2015-11-05-14:36:16.059 : 207.984 s: Ended silence with latency 006.039 s. Started sound 14 of 27: wav/9999/norm/9999-sad-chk-a.wav.
2015-11-05-14:36:26.018 : 217.942 s: Sound over after 009.960 s; starting silence.
2015-11-05-14:36:26.019 : 217.943 s: Loading sound 15 of 27 sounds: wav/9998/norm/9998-neu-hlp-a.wav.
2015-11-05-14:36:26.232 : 218.157 s: Showing big circle. Change at 219.154.
2015-11-05-14:36:27.233 : 219.157 s: Showing small circle. Change at 233.499.
2015-11-05-14:36:32.060 : 223.985 s: Ended silence with latency 006.039 s. Started sound 15 of 27: wav/9998/norm/9998-neu-hlp-a.wav.
2015-11-05-14:36:41.577 : 233.501 s: Showing big circle. Change at 234.499.
2015-11-05-14:36:42.017 : 233.941 s: Sound over after 009.960 s; starting silence.
2015-11-05-14:36:42.018 : 233.942 s: Loading sound 16 of 27 sounds: wav/9999/norm/9999-hap-tlk-a.wav.
2015-11-05-14:36:42.578 : 234.501 s: Showing small circle. Change at 248.411.
2015-11-05-14:36:48.057 : 239.982 s: Ended silence with latency 006.038 s. Started sound 16 of 27: wav/9999/norm/9999-hap-tlk-a.wav.
2015-11-05-14:36:56.488 : 248.412 s: Showing big circle. Change at 249.411.
2015-11-05-14:36:57.490 : 249.414 s: Showing small circle. Change at 254.137.
2015-11-05-14:36:58.016 : 249.940 s: Sound over after 009.960 s; starting silence.
2015-11-05-14:36:58.017 : 249.941 s: Loading sound 17 of 27 sounds: wav/9998/norm/9998-sad-hlp-a.wav.
2015-11-05-14:37:02.216 : 254.140 s: Showing big circle. Change at 255.137.
2015-11-05-14:37:03.215 : 255.139 s: Showing small circle. Change at 269.170.
2015-11-05-14:37:04.060 : 255.984 s: Ended silence with latency 006.038 s. Started sound 17 of 27: wav/9998/norm/9998-sad-hlp-a.wav.
2015-11-05-14:37:13.108 : 265.032 s: Sound over after 009.054 s; starting silence.
2015-11-05-14:37:13.110 : 265.034 s: Loading sound 18 of 27 sounds: wav/9999/norm/9999-ang-chk-a.wav.
2015-11-05-14:37:17.248 : 269.172 s: Showing big circle. Change at 270.170.
2015-11-05-14:37:18.248 : 270.172 s: Showing small circle. Change at 281.986.
2015-11-05-14:37:19.148 : 271.072 s: Ended silence with latency 006.039 s. Started sound 18 of 27: wav/9999/norm/9999-ang-chk-a.wav.
2015-11-05-14:37:29.106 : 281.030 s: Sound over after 009.959 s; starting silence.
2015-11-05-14:37:29.107 : 281.031 s: Loading sound 19 of 27 sounds: wav/9998/norm/9998-hap-tlk-a.wav.
2015-11-05-14:37:30.064 : 281.988 s: Showing big circle. Change at 282.986.
2015-11-05-14:37:31.066 : 282.990 s: Showing small circle. Change at 295.870.
2015-11-05-14:37:35.147 : 287.071 s: Ended silence with latency 006.039 s. Started sound 19 of 27: wav/9998/norm/9998-hap-tlk-a.wav.
2015-11-05-14:37:43.948 : 295.872 s: Showing big circle. Change at 296.870.
2015-11-05-14:37:44.948 : 296.872 s: Showing small circle. Change at 300.024.
2015-11-05-14:37:45.105 : 297.029 s: Sound over after 009.960 s; starting silence.
2015-11-05-14:37:45.107 : 297.030 s: Loading sound 20 of 27 sounds: wav/9999/norm/9999-neu-hlp-a.wav.
2015-11-05-14:37:48.102 : 300.026 s: Showing big circle. Change at 301.024.
2015-11-05-14:37:49.104 : 301.028 s: Showing small circle. Change at 314.783.
2015-11-05-14:37:51.146 : 303.070 s: Ended silence with latency 006.039 s. Started sound 20 of 27: wav/9999/norm/9999-neu-hlp-a.wav.
2015-11-05-14:38:01.105 : 313.029 s: Sound over after 009.961 s; starting silence.
2015-11-05-14:38:01.108 : 313.031 s: Loading sound 21 of 27 sounds: wav/9998/norm/9998-ang-chk-a.wav.
2015-11-05-14:38:02.861 : 314.785 s: Showing big circle. Change at 315.783.
2015-11-05-14:38:03.861 : 315.785 s: Showing small circle. Change at 329.310.
2015-11-05-14:38:07.148 : 319.072 s: Ended silence with latency 006.037 s. Started sound 21 of 27: wav/9998/norm/9998-ang-chk-a.wav.
2015-11-05-14:38:17.103 : 329.027 s: Sound over after 009.961 s; starting silence.
2015-11-05-14:38:17.105 : 329.029 s: Loading sound 22 of 27 sounds: wav/9998/norm/9998-sad-din-a.wav.
2015-11-05-14:38:17.391 : 329.315 s: Showing big circle. Change at 330.310.
2015-11-05-14:38:18.388 : 330.311 s: Showing small circle. Change at 344.602.
2015-11-05-14:38:23.145 : 335.068 s: Ended silence with latency 006.038 s. Started sound 22 of 27: wav/9998/norm/9998-sad-din-a.wav.
2015-11-05-14:38:32.680 : 344.603 s: Showing big circle. Change at 345.602.
2015-11-05-14:38:33.101 : 345.024 s: Sound over after 009.960 s; starting silence.
2015-11-05-14:38:33.102 : 345.025 s: Loading sound 23 of 27 sounds: wav/9999/norm/9999-hap-chk-a.wav.
2015-11-05-14:38:33.680 : 345.604 s: Showing small circle. Change at 357.771.
2015-11-05-14:38:39.142 : 351.066 s: Ended silence with latency 006.039 s. Started sound 23 of 27: wav/9999/norm/9999-hap-chk-a.wav.
2015-11-05-14:38:45.849 : 357.772 s: Showing big circle. Change at 358.771.
2015-11-05-14:38:46.850 : 358.773 s: Showing small circle. Change at 363.811.
2015-11-05-14:38:49.100 : 361.023 s: Sound over after 009.960 s; starting silence.
2015-11-05-14:38:49.101 : 361.025 s: Loading sound 24 of 27 sounds: wav/9998/norm/9998-ang-hlp-a.wav.
2015-11-05-14:38:51.888 : 363.812 s: Showing big circle. Change at 364.811.
2015-11-05-14:38:52.889 : 364.813 s: Showing small circle. Change at 377.935.
2015-11-05-14:38:55.139 : 367.063 s: Ended silence with latency 006.039 s. Started sound 24 of 27: wav/9998/norm/9998-ang-hlp-a.wav.
2015-11-05-14:39:05.099 : 377.023 s: Sound over after 009.961 s; starting silence.
2015-11-05-14:39:05.100 : 377.024 s: Loading sound 25 of 27 sounds: wav/9998/norm/9998-neu-chk-a.wav.
2015-11-05-14:39:06.014 : 377.938 s: Showing big circle. Change at 378.935.
2015-11-05-14:39:07.012 : 378.936 s: Showing small circle. Change at 391.855.
2015-11-05-14:39:11.143 : 383.066 s: Ended silence with latency 006.038 s. Started sound 25 of 27: wav/9998/norm/9998-neu-chk-a.wav.
2015-11-05-14:39:19.934 : 391.857 s: Showing big circle. Change at 392.855.
2015-11-05-14:39:20.934 : 392.857 s: Showing small circle. Change at 395.226.
2015-11-05-14:39:21.097 : 393.020 s: Sound over after 009.960 s; starting silence.
2015-11-05-14:39:21.098 : 393.021 s: Loading sound 26 of 27 sounds: wav/9999/norm/9999-sad-hlp-a.wav.
